[ 2021-12-12T00:00:01+08:00 ] 127.0.0.1 /Material/materialList
INFO: [ app_init ] --START--
INFO: Run Behavior\BuildLiteBehavior [ RunTime:0.000007s ]
INFO: [ app_init ] --END-- [ RunTime:0.000219s ]
INFO: [ app_begin ] --START--
INFO: Run Behavior\ReadHtmlCacheBehavior [ RunTime:0.000247s ]
INFO: [ app_begin ] --END-- [ RunTime:0.000276s ]
INFO: [ view_parse ] --START--
INFO: [ template_filter ] --START--
INFO: Run Behavior\ContentReplaceBehavior [ RunTime:0.000035s ]
INFO: [ template_filter ] --END-- [ RunTime:0.000059s ]
INFO: Run Behavior\ParseTemplateBehavior [ RunTime:0.003646s ]
INFO: [ view_parse ] --END-- [ RunTime:0.003674s ]
INFO: [ view_filter ] --START--
INFO: Run Behavior\WriteHtmlCacheBehavior [ RunTime:0.000151s ]
INFO: [ view_filter ] --END-- [ RunTime:0.000169s ]
INFO: [ app_end ] --START--
INFO: Run Behavior\ShowPageTraceBehavior [ RunTime:0.000251s ]
INFO: [ app_end ] --END-- [ RunTime:0.000271s ]

[ 2021-12-12T00:00:02+08:00 ] 127.0.0.1 /Material/materialList?page=1&limit=20
INFO: [ app_init ] --START--
INFO: Run Behavior\BuildLiteBehavior [ RunTime:0.000007s ]
INFO: [ app_init ] --END-- [ RunTime:0.000183s ]
INFO: [ app_begin ] --START--
INFO: Run Behavior\ReadHtmlCacheBehavior [ RunTime:0.000221s ]
INFO: [ app_begin ] --END-- [ RunTime:0.000243s ]
SQL: SHOW COLUMNS FROM `material_his_ncc` [ RunTime:0.0239s ]
SQL: SELECT * FROM `material_his_ncc` WHERE ( 1= 1 )  [ RunTime:0.0235s ]
SQL: SELECT material_his_ncc.id,`material_id`,`ins_code`,`material_name`,`material_chemical_name`,`material_form_name`,`material_specification`,`material_producer_name`,`src_unit_name`,`abbreviate_name`,`name`,`wuliao_code`,`user_name`,`create_time` FROM `material_his_ncc` INNER JOIN ncc_wuliao ON material_his_ncc.wuliao_code = ncc_wuliao.code  WHERE ( 1= 1 ) LIMIT 0,20   [ RunTime:0.0233s ]
INFO: [ app_end ] --START--
INFO: Run Behavior\ShowPageTraceBehavior [ RunTime:0.000322s ]
INFO: [ app_end ] --END-- [ RunTime:0.000346s ]

[ 2021-12-12T00:00:04+08:00 ] 127.0.0.1 /Material/delMaterial?id=18
INFO: [ app_init ] --START--
INFO: Run Behavior\BuildLiteBehavior [ RunTime:0.000007s ]
INFO: [ app_init ] --END-- [ RunTime:0.000189s ]
INFO: [ app_begin ] --START--
INFO: Run Behavior\ReadHtmlCacheBehavior [ RunTime:0.000226s ]
INFO: [ app_begin ] --END-- [ RunTime:0.000250s ]
SQL: SHOW COLUMNS FROM `material_his_ncc` [ RunTime:0.0289s ]
SQL: SELECT * FROM `material_his_ncc` WHERE ( id = 18 ) LIMIT 1   [ RunTime:0.0246s ]
SQL: DELETE FROM `material_his_ncc` WHERE ( id = 18 ) [ RunTime:0.0250s ]
SQL: SHOW COLUMNS FROM `t_material` [ RunTime:0.0253s ]
SQL: UPDATE `t_material` SET `is_dui`='1' WHERE ( material_id = 236 ) [ RunTime:0.0245s ]
SQL: SELECT * FROM `material_his_ncc` WHERE ( wuliao_code = '101003' )  [ RunTime:0.0270s ]
INFO: [ app_end ] --START--
INFO: Run Behavior\ShowPageTraceBehavior [ RunTime:0.000339s ]
INFO: [ app_end ] --END-- [ RunTime:0.000364s ]

[ 2021-12-12T00:00:05+08:00 ] 127.0.0.1 /Material/materialList?page=1&limit=20
INFO: [ app_init ] --START--
INFO: Run Behavior\BuildLiteBehavior [ RunTime:0.000006s ]
INFO: [ app_init ] --END-- [ RunTime:0.000176s ]
INFO: [ app_begin ] --START--
INFO: Run Behavior\ReadHtmlCacheBehavior [ RunTime:0.000215s ]
INFO: [ app_begin ] --END-- [ RunTime:0.000239s ]
SQL: SHOW COLUMNS FROM `material_his_ncc` [ RunTime:0.0191s ]
SQL: SELECT * FROM `material_his_ncc` WHERE ( 1= 1 )  [ RunTime:0.0188s ]
SQL: SELECT material_his_ncc.id,`material_id`,`ins_code`,`material_name`,`material_chemical_name`,`material_form_name`,`material_specification`,`material_producer_name`,`src_unit_name`,`abbreviate_name`,`name`,`wuliao_code`,`user_name`,`create_time` FROM `material_his_ncc` INNER JOIN ncc_wuliao ON material_his_ncc.wuliao_code = ncc_wuliao.code  WHERE ( 1= 1 ) LIMIT 0,20   [ RunTime:0.0189s ]
INFO: [ app_end ] --START--
INFO: Run Behavior\ShowPageTraceBehavior [ RunTime:0.000323s ]
INFO: [ app_end ] --END-- [ RunTime:0.000346s ]

[ 2021-12-12T00:00:13+08:00 ] 127.0.0.1 /Material/index
INFO: [ app_init ] --START--
INFO: Run Behavior\BuildLiteBehavior [ RunTime:0.000008s ]
INFO: [ app_init ] --END-- [ RunTime:0.000187s ]
INFO: [ app_begin ] --START--
INFO: Run Behavior\ReadHtmlCacheBehavior [ RunTime:0.000220s ]
INFO: [ app_begin ] --END-- [ RunTime:0.000245s ]
INFO: [ view_parse ] --START--
INFO: [ template_filter ] --START--
INFO: Run Behavior\ContentReplaceBehavior [ RunTime:0.000048s ]
INFO: [ template_filter ] --END-- [ RunTime:0.000071s ]
INFO: Run Behavior\ParseTemplateBehavior [ RunTime:0.015314s ]
INFO: [ view_parse ] --END-- [ RunTime:0.015350s ]
INFO: [ view_filter ] --START--
INFO: Run Behavior\WriteHtmlCacheBehavior [ RunTime:0.000144s ]
INFO: [ view_filter ] --END-- [ RunTime:0.000162s ]
INFO: [ app_end ] --START--
INFO: Run Behavior\ShowPageTraceBehavior [ RunTime:0.000226s ]
INFO: [ app_end ] --END-- [ RunTime:0.000248s ]

[ 2021-12-12T00:00:14+08:00 ] 127.0.0.1 /Material/getHisList?page=1&limit=10
INFO: [ app_init ] --START--
INFO: Run Behavior\BuildLiteBehavior [ RunTime:0.000008s ]
INFO: [ app_init ] --END-- [ RunTime:0.000197s ]
INFO: [ app_begin ] --START--
INFO: Run Behavior\ReadHtmlCacheBehavior [ RunTime:0.000231s ]
INFO: [ app_begin ] --END-- [ RunTime:0.000255s ]
SQL: SHOW COLUMNS FROM `t_material` [ RunTime:0.0256s ]
SQL: SELECT * FROM `t_material` WHERE ( is_del = 0 AND is_show = 1 AND is_dui = 1  )  [ RunTime:0.0744s ]
SQL: SHOW COLUMNS FROM `t_material` [ RunTime:0.0236s ]
SQL: SELECT `material_id`,`ins_code`,`material_name`,`material_chemical_name`,`material_form_name`,`material_specification`,tdp.material_producer_name,`src_unit_name`,`is_dui`,`abbreviate_name` FROM t_material td INNER JOIN t_material_form tdf ON td.material_form_id = tdf.material_form_id INNER JOIN t_material_producer tdp ON td.material_producer_id = tdp.material_producer_id INNER JOIN t_src_unit tsu ON td.src_unit_id = tsu.src_unit_id  WHERE ( td.is_del = 0 AND is_show = 1 and is_dui = 1  ) ORDER BY `material_id` LIMIT 1,10   [ RunTime:0.0245s ]
INFO: [ app_end ] --START--
INFO: Run Behavior\ShowPageTraceBehavior [ RunTime:0.000447s ]
INFO: [ app_end ] --END-- [ RunTime:0.000485s ]

[ 2021-12-12T00:00:14+08:00 ] 127.0.0.1 /Drug/getNccList?page=1&limit=10
INFO: [ app_init ] --START--
INFO: Run Behavior\BuildLiteBehavior [ RunTime:0.000007s ]
INFO: [ app_init ] --END-- [ RunTime:0.000214s ]
INFO: [ app_begin ] --START--
INFO: Run Behavior\ReadHtmlCacheBehavior [ RunTime:0.000256s ]
INFO: [ app_begin ] --END-- [ RunTime:0.000281s ]
SQL: SHOW COLUMNS FROM `ncc_wuliao` [ RunTime:0.0203s ]
SQL: SELECT * FROM `ncc_wuliao` WHERE ( enablestate = 2 AND dr = 0  )  [ RunTime:0.0205s ]
SQL: SELECT * FROM `ncc_wuliao` WHERE ( enablestate = 2 AND dr = 0  ) ORDER BY `id` LIMIT 0,10   [ RunTime:0.0192s ]
INFO: [ app_end ] --START--
INFO: Run Behavior\ShowPageTraceBehavior [ RunTime:0.000366s ]
INFO: [ app_end ] --END-- [ RunTime:0.000390s ]

[ 2021-12-12T00:00:28+08:00 ] 127.0.0.1 /Material/delMaterial?id=19
INFO: [ app_init ] --START--
INFO: Run Behavior\BuildLiteBehavior [ RunTime:0.000007s ]
INFO: [ app_init ] --END-- [ RunTime:0.000173s ]
INFO: [ app_begin ] --START--
INFO: Run Behavior\ReadHtmlCacheBehavior [ RunTime:0.000225s ]
INFO: [ app_begin ] --END-- [ RunTime:0.000249s ]
SQL: SHOW COLUMNS FROM `material_his_ncc` [ RunTime:0.0244s ]
SQL: SELECT * FROM `material_his_ncc` WHERE ( id = 19 ) LIMIT 1   [ RunTime:0.0242s ]
SQL: DELETE FROM `material_his_ncc` WHERE ( id = 19 ) [ RunTime:0.0246s ]
SQL: SHOW COLUMNS FROM `t_material` [ RunTime:0.0206s ]
SQL: UPDATE `t_material` SET `is_dui`='1' WHERE ( material_id = 237 ) [ RunTime:0.0202s ]
SQL: SELECT * FROM `material_his_ncc` WHERE ( wuliao_code = '101003' )  [ RunTime:0.0247s ]
INFO: [ app_end ] --START--
INFO: Run Behavior\ShowPageTraceBehavior [ RunTime:0.000324s ]
INFO: [ app_end ] --END-- [ RunTime:0.000347s ]

[ 2021-12-12T00:00:30+08:00 ] 127.0.0.1 /Material/materialList?page=1&limit=20
INFO: [ app_init ] --START--
INFO: Run Behavior\BuildLiteBehavior [ RunTime:0.000007s ]
INFO: [ app_init ] --END-- [ RunTime:0.000179s ]
INFO: [ app_begin ] --START--
INFO: Run Behavior\ReadHtmlCacheBehavior [ RunTime:0.000224s ]
INFO: [ app_begin ] --END-- [ RunTime:0.000249s ]
SQL: SHOW COLUMNS FROM `material_his_ncc` [ RunTime:0.0226s ]
SQL: SELECT * FROM `material_his_ncc` WHERE ( 1= 1 )  [ RunTime:0.0224s ]
SQL: SELECT material_his_ncc.id,`material_id`,`ins_code`,`material_name`,`material_chemical_name`,`material_form_name`,`material_specification`,`material_producer_name`,`src_unit_name`,`abbreviate_name`,`name`,`wuliao_code`,`user_name`,`create_time` FROM `material_his_ncc` INNER JOIN ncc_wuliao ON material_his_ncc.wuliao_code = ncc_wuliao.code  WHERE ( 1= 1 ) LIMIT 0,20   [ RunTime:0.0228s ]
INFO: [ app_end ] --START--
INFO: Run Behavior\ShowPageTraceBehavior [ RunTime:0.000310s ]
INFO: [ app_end ] --END-- [ RunTime:0.000333s ]

[ 2021-12-12T00:00:31+08:00 ] 127.0.0.1 /Material/delMaterial?id=20
INFO: [ app_init ] --START--
INFO: Run Behavior\BuildLiteBehavior [ RunTime:0.000010s ]
INFO: [ app_init ] --END-- [ RunTime:0.000266s ]
INFO: [ app_begin ] --START--
INFO: Run Behavior\ReadHtmlCacheBehavior [ RunTime:0.000315s ]
INFO: [ app_begin ] --END-- [ RunTime:0.000349s ]
SQL: SHOW COLUMNS FROM `material_his_ncc` [ RunTime:0.0196s ]
SQL: SELECT * FROM `material_his_ncc` WHERE ( id = 20 ) LIMIT 1   [ RunTime:0.0193s ]
SQL: DELETE FROM `material_his_ncc` WHERE ( id = 20 ) [ RunTime:0.0197s ]
SQL: SHOW COLUMNS FROM `t_material` [ RunTime:0.0242s ]
SQL: UPDATE `t_material` SET `is_dui`='1' WHERE ( material_id = 470 ) [ RunTime:0.0233s ]
SQL: SELECT * FROM `material_his_ncc` WHERE ( wuliao_code = '101003' )  [ RunTime:0.0195s ]
SQL: SHOW COLUMNS FROM `ncc_wuliao` [ RunTime:0.0199s ]
SQL: UPDATE `ncc_wuliao` SET `is_dui`='1' WHERE ( code = '101003' ) [ RunTime:0.0199s ]
INFO: [ app_end ] --START--
INFO: Run Behavior\ShowPageTraceBehavior [ RunTime:0.000329s ]
INFO: [ app_end ] --END-- [ RunTime:0.000352s ]

[ 2021-12-12T00:00:33+08:00 ] 127.0.0.1 /Material/materialList?page=1&limit=20
INFO: [ app_init ] --START--
INFO: Run Behavior\BuildLiteBehavior [ RunTime:0.000007s ]
INFO: [ app_init ] --END-- [ RunTime:0.000182s ]
INFO: [ app_begin ] --START--
INFO: Run Behavior\ReadHtmlCacheBehavior [ RunTime:0.000221s ]
INFO: [ app_begin ] --END-- [ RunTime:0.000245s ]
SQL: SHOW COLUMNS FROM `material_his_ncc` [ RunTime:0.0264s ]
SQL: SELECT * FROM `material_his_ncc` WHERE ( 1= 1 )  [ RunTime:0.0258s ]
SQL: SELECT material_his_ncc.id,`material_id`,`ins_code`,`material_name`,`material_chemical_name`,`material_form_name`,`material_specification`,`material_producer_name`,`src_unit_name`,`abbreviate_name`,`name`,`wuliao_code`,`user_name`,`create_time` FROM `material_his_ncc` INNER JOIN ncc_wuliao ON material_his_ncc.wuliao_code = ncc_wuliao.code  WHERE ( 1= 1 ) LIMIT 0,20   [ RunTime:0.0257s ]
INFO: [ app_end ] --START--
INFO: Run Behavior\ShowPageTraceBehavior [ RunTime:0.000321s ]
INFO: [ app_end ] --END-- [ RunTime:0.000344s ]

[ 2021-12-12T00:00:38+08:00 ] 127.0.0.1 /Material/index
INFO: [ app_init ] --START--
INFO: Run Behavior\BuildLiteBehavior [ RunTime:0.000007s ]
INFO: [ app_init ] --END-- [ RunTime:0.000181s ]
INFO: [ app_begin ] --START--
INFO: Run Behavior\ReadHtmlCacheBehavior [ RunTime:0.000216s ]
INFO: [ app_begin ] --END-- [ RunTime:0.000241s ]
INFO: [ view_parse ] --START--
INFO: [ template_filter ] --START--
INFO: Run Behavior\ContentReplaceBehavior [ RunTime:0.000055s ]
INFO: [ template_filter ] --END-- [ RunTime:0.000094s ]
INFO: Run Behavior\ParseTemplateBehavior [ RunTime:0.016227s ]
INFO: [ view_parse ] --END-- [ RunTime:0.016269s ]
INFO: [ view_filter ] --START--
INFO: Run Behavior\WriteHtmlCacheBehavior [ RunTime:0.000206s ]
INFO: [ view_filter ] --END-- [ RunTime:0.000226s ]
INFO: [ app_end ] --START--
INFO: Run Behavior\ShowPageTraceBehavior [ RunTime:0.000242s ]
INFO: [ app_end ] --END-- [ RunTime:0.000264s ]

[ 2021-12-12T00:00:38+08:00 ] 127.0.0.1 /Material/getHisList?page=1&limit=10
INFO: [ app_init ] --START--
INFO: Run Behavior\BuildLiteBehavior [ RunTime:0.000007s ]
INFO: [ app_init ] --END-- [ RunTime:0.000186s ]
INFO: [ app_begin ] --START--
INFO: Run Behavior\ReadHtmlCacheBehavior [ RunTime:0.000225s ]
INFO: [ app_begin ] --END-- [ RunTime:0.000250s ]
SQL: SHOW COLUMNS FROM `t_material` [ RunTime:0.0217s ]
SQL: SELECT * FROM `t_material` WHERE ( is_del = 0 AND is_show = 1 AND is_dui = 1  )  [ RunTime:0.0618s ]
SQL: SHOW COLUMNS FROM `t_material` [ RunTime:0.0203s ]
SQL: SELECT `material_id`,`ins_code`,`material_name`,`material_chemical_name`,`material_form_name`,`material_specification`,tdp.material_producer_name,`src_unit_name`,`is_dui`,`abbreviate_name` FROM t_material td INNER JOIN t_material_form tdf ON td.material_form_id = tdf.material_form_id INNER JOIN t_material_producer tdp ON td.material_producer_id = tdp.material_producer_id INNER JOIN t_src_unit tsu ON td.src_unit_id = tsu.src_unit_id  WHERE ( td.is_del = 0 AND is_show = 1 and is_dui = 1  ) ORDER BY `material_id` LIMIT 1,10   [ RunTime:0.0203s ]
INFO: [ app_end ] --START--
INFO: Run Behavior\ShowPageTraceBehavior [ RunTime:0.000322s ]
INFO: [ app_end ] --END-- [ RunTime:0.000347s ]

[ 2021-12-12T00:00:38+08:00 ] 127.0.0.1 /Drug/getNccList?page=1&limit=10
INFO: [ app_init ] --START--
INFO: Run Behavior\BuildLiteBehavior [ RunTime:0.000006s ]
INFO: [ app_init ] --END-- [ RunTime:0.000179s ]
INFO: [ app_begin ] --START--
INFO: Run Behavior\ReadHtmlCacheBehavior [ RunTime:0.000216s ]
INFO: [ app_begin ] --END-- [ RunTime:0.000238s ]
SQL: SHOW COLUMNS FROM `ncc_wuliao` [ RunTime:0.0204s ]
SQL: SELECT * FROM `ncc_wuliao` WHERE ( enablestate = 2 AND dr = 0  )  [ RunTime:0.0216s ]
SQL: SELECT * FROM `ncc_wuliao` WHERE ( enablestate = 2 AND dr = 0  ) ORDER BY `id` LIMIT 0,10   [ RunTime:0.0203s ]
INFO: [ app_end ] --START--
INFO: Run Behavior\ShowPageTraceBehavior [ RunTime:0.000335s ]
INFO: [ app_end ] --END-- [ RunTime:0.000357s ]

[ 2021-12-12T00:00:48+08:00 ] 127.0.0.1 /Material/upMaterialDuizhao
INFO: [ app_init ] --START--
INFO: Run Behavior\BuildLiteBehavior [ RunTime:0.000006s ]
INFO: [ app_init ] --END-- [ RunTime:0.000174s ]
INFO: [ app_begin ] --START--
INFO: Run Behavior\ReadHtmlCacheBehavior [ RunTime:0.000211s ]
INFO: [ app_begin ] --END-- [ RunTime:0.000236s ]
SQL: SHOW COLUMNS FROM `t_material` [ RunTime:0.0254s ]
SQL: SELECT `material_id`,`ins_code`,`material_name`,`material_chemical_name`,`material_form_name`,`material_specification`,tdp.material_producer_name,`src_unit_name`,`abbreviate_name` FROM t_material td INNER JOIN t_material_form tdf ON td.material_form_id = tdf.material_form_id INNER JOIN t_material_producer tdp ON td.material_producer_id = tdp.material_producer_id INNER JOIN t_src_unit tsu ON td.src_unit_id = tsu.src_unit_id  WHERE ( td.material_id IN(236,237,470) )  [ RunTime:0.0251s ]
SQL: SHOW COLUMNS FROM `material_his_ncc` [ RunTime:0.0196s ]
SQL: INSERT INTO `material_his_ncc` (`material_id`,`ins_code`,`material_name`,`material_chemical_name`,`material_form_name`,`material_specification`,`material_producer_name`,`src_unit_name`,`abbreviate_name`,`wuliao_code`,`user_name`,`create_time`) VALUES ('236','','血液透析机','','医疗器械','4008B','费森尤斯','台','XYTXJ','01029999','ncc_user||ncc维护','2021-12-12 00:00:48'),('237','','血液透析机','','医疗器械','4008S','费森尤斯','台','XYTXJ','01029999','ncc_user||ncc维护','2021-12-12 00:00:48'),('470','','一次性注射器','','低值易耗','50ml','江西科伦','支','YCXZSQ','01029999','ncc_user||ncc维护','2021-12-12 00:00:48') [ RunTime:0.0193s ]
SQL: SHOW COLUMNS FROM `t_material` [ RunTime:0.0251s ]
SQL: UPDATE `t_material` SET `is_dui`='2' WHERE ( material_id IN(236,237,470) ) [ RunTime:0.0252s ]
SQL: SHOW COLUMNS FROM `ncc_wuliao` [ RunTime:0.0191s ]
SQL: UPDATE `ncc_wuliao` SET `is_dui`='2' WHERE ( code = '01029999' ) [ RunTime:0.0196s ]
INFO: [ app_end ] --START--
INFO: Run Behavior\ShowPageTraceBehavior [ RunTime:0.000319s ]
INFO: [ app_end ] --END-- [ RunTime:0.000341s ]

[ 2021-12-12T00:00:49+08:00 ] 127.0.0.1 /Drug/getNccList?page=1&limit=10
INFO: [ app_init ] --START--
INFO: Run Behavior\BuildLiteBehavior [ RunTime:0.000009s ]
INFO: [ app_init ] --END-- [ RunTime:0.000191s ]
INFO: [ app_begin ] --START--
INFO: Run Behavior\ReadHtmlCacheBehavior [ RunTime:0.000233s ]
INFO: [ app_begin ] --END-- [ RunTime:0.000258s ]
SQL: SHOW COLUMNS FROM `ncc_wuliao` [ RunTime:0.0208s ]
SQL: SELECT * FROM `ncc_wuliao` WHERE ( enablestate = 2 AND dr = 0  )  [ RunTime:0.0215s ]
SQL: SELECT * FROM `ncc_wuliao` WHERE ( enablestate = 2 AND dr = 0  ) ORDER BY `id` LIMIT 0,10   [ RunTime:0.0199s ]
INFO: [ app_end ] --START--
INFO: Run Behavior\ShowPageTraceBehavior [ RunTime:0.000307s ]
INFO: [ app_end ] --END-- [ RunTime:0.000331s ]

[ 2021-12-12T00:00:49+08:00 ] 127.0.0.1 /Material/getHisList?page=1&limit=10
INFO: [ app_init ] --START--
INFO: Run Behavior\BuildLiteBehavior [ RunTime:0.000007s ]
INFO: [ app_init ] --END-- [ RunTime:0.000176s ]
INFO: [ app_begin ] --START--
INFO: Run Behavior\ReadHtmlCacheBehavior [ RunTime:0.000217s ]
INFO: [ app_begin ] --END-- [ RunTime:0.000240s ]
SQL: SHOW COLUMNS FROM `t_material` [ RunTime:0.0206s ]
SQL: SELECT * FROM `t_material` WHERE ( is_del = 0 AND is_show = 1 AND is_dui = 1  )  [ RunTime:0.0621s ]
SQL: SHOW COLUMNS FROM `t_material` [ RunTime:0.0200s ]
SQL: SELECT `material_id`,`ins_code`,`material_name`,`material_chemical_name`,`material_form_name`,`material_specification`,tdp.material_producer_name,`src_unit_name`,`is_dui`,`abbreviate_name` FROM t_material td INNER JOIN t_material_form tdf ON td.material_form_id = tdf.material_form_id INNER JOIN t_material_producer tdp ON td.material_producer_id = tdp.material_producer_id INNER JOIN t_src_unit tsu ON td.src_unit_id = tsu.src_unit_id  WHERE ( td.is_del = 0 AND is_show = 1 and is_dui = 1  ) ORDER BY `material_id` LIMIT 1,10   [ RunTime:0.0196s ]
INFO: [ app_end ] --START--
INFO: Run Behavior\ShowPageTraceBehavior [ RunTime:0.000336s ]
INFO: [ app_end ] --END-- [ RunTime:0.000360s ]

[ 2021-12-12T00:00:51+08:00 ] 127.0.0.1 /Material/materialList
INFO: [ app_init ] --START--
INFO: Run Behavior\BuildLiteBehavior [ RunTime:0.000007s ]
INFO: [ app_init ] --END-- [ RunTime:0.000184s ]
INFO: [ app_begin ] --START--
INFO: Run Behavior\ReadHtmlCacheBehavior [ RunTime:0.000277s ]
INFO: [ app_begin ] --END-- [ RunTime:0.000303s ]
INFO: [ view_parse ] --START--
INFO: [ template_filter ] --START--
INFO: Run Behavior\ContentReplaceBehavior [ RunTime:0.000039s ]
INFO: [ template_filter ] --END-- [ RunTime:0.000067s ]
INFO: Run Behavior\ParseTemplateBehavior [ RunTime:0.003522s ]
INFO: [ view_parse ] --END-- [ RunTime:0.003552s ]
INFO: [ view_filter ] --START--
INFO: Run Behavior\WriteHtmlCacheBehavior [ RunTime:0.000119s ]
INFO: [ view_filter ] --END-- [ RunTime:0.000137s ]
INFO: [ app_end ] --START--
INFO: Run Behavior\ShowPageTraceBehavior [ RunTime:0.000222s ]
INFO: [ app_end ] --END-- [ RunTime:0.000242s ]

[ 2021-12-12T00:00:51+08:00 ] 127.0.0.1 /Material/materialList?page=1&limit=20
INFO: [ app_init ] --START--
INFO: Run Behavior\BuildLiteBehavior [ RunTime:0.000007s ]
INFO: [ app_init ] --END-- [ RunTime:0.000208s ]
INFO: [ app_begin ] --START--
INFO: Run Behavior\ReadHtmlCacheBehavior [ RunTime:0.000235s ]
INFO: [ app_begin ] --END-- [ RunTime:0.000259s ]
SQL: SHOW COLUMNS FROM `material_his_ncc` [ RunTime:0.0195s ]
SQL: SELECT * FROM `material_his_ncc` WHERE ( 1= 1 )  [ RunTime:0.0195s ]
SQL: SELECT material_his_ncc.id,`material_id`,`ins_code`,`material_name`,`material_chemical_name`,`material_form_name`,`material_specification`,`material_producer_name`,`src_unit_name`,`abbreviate_name`,`name`,`wuliao_code`,`user_name`,`create_time` FROM `material_his_ncc` INNER JOIN ncc_wuliao ON material_his_ncc.wuliao_code = ncc_wuliao.code  WHERE ( 1= 1 ) LIMIT 0,20   [ RunTime:0.0193s ]
INFO: [ app_end ] --START--
INFO: Run Behavior\ShowPageTraceBehavior [ RunTime:0.000397s ]
INFO: [ app_end ] --END-- [ RunTime:0.000424s ]

[ 2021-12-12T00:00:53+08:00 ] 127.0.0.1 /Material/delMaterial?id=21
INFO: [ app_init ] --START--
INFO: Run Behavior\BuildLiteBehavior [ RunTime:0.000007s ]
INFO: [ app_init ] --END-- [ RunTime:0.000173s ]
INFO: [ app_begin ] --START--
INFO: Run Behavior\ReadHtmlCacheBehavior [ RunTime:0.000211s ]
INFO: [ app_begin ] --END-- [ RunTime:0.000234s ]
SQL: SHOW COLUMNS FROM `material_his_ncc` [ RunTime:0.0251s ]
SQL: SELECT * FROM `material_his_ncc` WHERE ( id = 21 ) LIMIT 1   [ RunTime:0.0249s ]
SQL: DELETE FROM `material_his_ncc` WHERE ( id = 21 ) [ RunTime:0.0282s ]
SQL: SHOW COLUMNS FROM `t_material` [ RunTime:0.0252s ]
SQL: UPDATE `t_material` SET `is_dui`='1' WHERE ( material_id = 236 ) [ RunTime:0.0247s ]
SQL: SELECT * FROM `material_his_ncc` WHERE ( wuliao_code = '01029999' )  [ RunTime:0.0246s ]
INFO: [ app_end ] --START--
INFO: Run Behavior\ShowPageTraceBehavior [ RunTime:0.000319s ]
INFO: [ app_end ] --END-- [ RunTime:0.000343s ]

[ 2021-12-12T00:00:54+08:00 ] 127.0.0.1 /Material/materialList?page=1&limit=20
INFO: [ app_init ] --START--
INFO: Run Behavior\BuildLiteBehavior [ RunTime:0.000007s ]
INFO: [ app_init ] --END-- [ RunTime:0.000188s ]
INFO: [ app_begin ] --START--
INFO: Run Behavior\ReadHtmlCacheBehavior [ RunTime:0.000231s ]
INFO: [ app_begin ] --END-- [ RunTime:0.000255s ]
SQL: SHOW COLUMNS FROM `material_his_ncc` [ RunTime:0.0197s ]
SQL: SELECT * FROM `material_his_ncc` WHERE ( 1= 1 )  [ RunTime:0.0203s ]
SQL: SELECT material_his_ncc.id,`material_id`,`ins_code`,`material_name`,`material_chemical_name`,`material_form_name`,`material_specification`,`material_producer_name`,`src_unit_name`,`abbreviate_name`,`name`,`wuliao_code`,`user_name`,`create_time` FROM `material_his_ncc` INNER JOIN ncc_wuliao ON material_his_ncc.wuliao_code = ncc_wuliao.code  WHERE ( 1= 1 ) LIMIT 0,20   [ RunTime:0.0199s ]
INFO: [ app_end ] --START--
INFO: Run Behavior\ShowPageTraceBehavior [ RunTime:0.000327s ]
INFO: [ app_end ] --END-- [ RunTime:0.000350s ]

[ 2021-12-12T00:01:00+08:00 ] 127.0.0.1 /Material/index
INFO: [ app_init ] --START--
INFO: Run Behavior\BuildLiteBehavior [ RunTime:0.000006s ]
INFO: [ app_init ] --END-- [ RunTime:0.000173s ]
INFO: [ app_begin ] --START--
INFO: Run Behavior\ReadHtmlCacheBehavior [ RunTime:0.000214s ]
INFO: [ app_begin ] --END-- [ RunTime:0.000238s ]
INFO: [ view_parse ] --START--
INFO: [ template_filter ] --START--
INFO: Run Behavior\ContentReplaceBehavior [ RunTime:0.000070s ]
INFO: [ template_filter ] --END-- [ RunTime:0.000117s ]
INFO: Run Behavior\ParseTemplateBehavior [ RunTime:0.017257s ]
INFO: [ view_parse ] --END-- [ RunTime:0.017295s ]
INFO: [ view_filter ] --START--
INFO: Run Behavior\WriteHtmlCacheBehavior [ RunTime:0.000141s ]
INFO: [ view_filter ] --END-- [ RunTime:0.000159s ]
INFO: [ app_end ] --START--
INFO: Run Behavior\ShowPageTraceBehavior [ RunTime:0.000224s ]
INFO: [ app_end ] --END-- [ RunTime:0.000245s ]

[ 2021-12-12T00:01:00+08:00 ] 127.0.0.1 /Material/getHisList?page=1&limit=10
INFO: [ app_init ] --START--
INFO: Run Behavior\BuildLiteBehavior [ RunTime:0.000008s ]
INFO: [ app_init ] --END-- [ RunTime:0.000230s ]
INFO: [ app_begin ] --START--
INFO: Run Behavior\ReadHtmlCacheBehavior [ RunTime:0.000227s ]
INFO: [ app_begin ] --END-- [ RunTime:0.000251s ]
SQL: SHOW COLUMNS FROM `t_material` [ RunTime:0.0255s ]
SQL: SELECT * FROM `t_material` WHERE ( is_del = 0 AND is_show = 1 AND is_dui = 1  )  [ RunTime:0.0761s ]
SQL: SHOW COLUMNS FROM `t_material` [ RunTime:0.0236s ]
SQL: SELECT `material_id`,`ins_code`,`material_name`,`material_chemical_name`,`material_form_name`,`material_specification`,tdp.material_producer_name,`src_unit_name`,`is_dui`,`abbreviate_name` FROM t_material td INNER JOIN t_material_form tdf ON td.material_form_id = tdf.material_form_id INNER JOIN t_material_producer tdp ON td.material_producer_id = tdp.material_producer_id INNER JOIN t_src_unit tsu ON td.src_unit_id = tsu.src_unit_id  WHERE ( td.is_del = 0 AND is_show = 1 and is_dui = 1  ) ORDER BY `material_id` LIMIT 1,10   [ RunTime:0.0245s ]
INFO: [ app_end ] --START--
INFO: Run Behavior\ShowPageTraceBehavior [ RunTime:0.000329s ]
INFO: [ app_end ] --END-- [ RunTime:0.000355s ]

[ 2021-12-12T00:01:00+08:00 ] 127.0.0.1 /Drug/getNccList?page=1&limit=10
INFO: [ app_init ] --START--
INFO: Run Behavior\BuildLiteBehavior [ RunTime:0.000007s ]
INFO: [ app_init ] --END-- [ RunTime:0.000198s ]
INFO: [ app_begin ] --START--
INFO: Run Behavior\ReadHtmlCacheBehavior [ RunTime:0.000229s ]
INFO: [ app_begin ] --END-- [ RunTime:0.000255s ]
SQL: SHOW COLUMNS FROM `ncc_wuliao` [ RunTime:0.0238s ]
SQL: SELECT * FROM `ncc_wuliao` WHERE ( enablestate = 2 AND dr = 0  )  [ RunTime:0.0245s ]
SQL: SELECT * FROM `ncc_wuliao` WHERE ( enablestate = 2 AND dr = 0  ) ORDER BY `id` LIMIT 0,10   [ RunTime:0.0235s ]
INFO: [ app_end ] --START--
INFO: Run Behavior\ShowPageTraceBehavior [ RunTime:0.000307s ]
INFO: [ app_end ] --END-- [ RunTime:0.000328s ]

[ 2021-12-12T00:01:04+08:00 ] 127.0.0.1 /Material/delMaterial?id=22
INFO: [ app_init ] --START--
INFO: Run Behavior\BuildLiteBehavior [ RunTime:0.000006s ]
INFO: [ app_init ] --END-- [ RunTime:0.000173s ]
INFO: [ app_begin ] --START--
INFO: Run Behavior\ReadHtmlCacheBehavior [ RunTime:0.000213s ]
INFO: [ app_begin ] --END-- [ RunTime:0.000236s ]
SQL: SHOW COLUMNS FROM `material_his_ncc` [ RunTime:0.0241s ]
SQL: SELECT * FROM `material_his_ncc` WHERE ( id = 22 ) LIMIT 1   [ RunTime:0.0238s ]
SQL: DELETE FROM `material_his_ncc` WHERE ( id = 22 ) [ RunTime:0.0238s ]
SQL: SHOW COLUMNS FROM `t_material` [ RunTime:0.0204s ]
SQL: UPDATE `t_material` SET `is_dui`='1' WHERE ( material_id = 237 ) [ RunTime:0.0197s ]
SQL: SELECT * FROM `material_his_ncc` WHERE ( wuliao_code = '01029999' )  [ RunTime:0.0237s ]
INFO: [ app_end ] --START--
INFO: Run Behavior\ShowPageTraceBehavior [ RunTime:0.000329s ]
INFO: [ app_end ] --END-- [ RunTime:0.000352s ]

[ 2021-12-12T00:01:06+08:00 ] 127.0.0.1 /Material/materialList?page=1&limit=20
INFO: [ app_init ] --START--
INFO: Run Behavior\BuildLiteBehavior [ RunTime:0.000006s ]
INFO: [ app_init ] --END-- [ RunTime:0.000181s ]
INFO: [ app_begin ] --START--
INFO: Run Behavior\ReadHtmlCacheBehavior [ RunTime:0.000230s ]
INFO: [ app_begin ] --END-- [ RunTime:0.000255s ]
SQL: SHOW COLUMNS FROM `material_his_ncc` [ RunTime:0.0195s ]
SQL: SELECT * FROM `material_his_ncc` WHERE ( 1= 1 )  [ RunTime:0.0194s ]
SQL: SELECT material_his_ncc.id,`material_id`,`ins_code`,`material_name`,`material_chemical_name`,`material_form_name`,`material_specification`,`material_producer_name`,`src_unit_name`,`abbreviate_name`,`name`,`wuliao_code`,`user_name`,`create_time` FROM `material_his_ncc` INNER JOIN ncc_wuliao ON material_his_ncc.wuliao_code = ncc_wuliao.code  WHERE ( 1= 1 ) LIMIT 0,20   [ RunTime:0.0197s ]
INFO: [ app_end ] --START--
INFO: Run Behavior\ShowPageTraceBehavior [ RunTime:0.000322s ]
INFO: [ app_end ] --END-- [ RunTime:0.000345s ]

[ 2021-12-12T00:01:07+08:00 ] 127.0.0.1 /Material/index
INFO: [ app_init ] --START--
INFO: Run Behavior\BuildLiteBehavior [ RunTime:0.000006s ]
INFO: [ app_init ] --END-- [ RunTime:0.000173s ]
INFO: [ app_begin ] --START--
INFO: Run Behavior\ReadHtmlCacheBehavior [ RunTime:0.000214s ]
INFO: [ app_begin ] --END-- [ RunTime:0.000239s ]
INFO: [ view_parse ] --START--
INFO: [ template_filter ] --START--
INFO: Run Behavior\ContentReplaceBehavior [ RunTime:0.000055s ]
INFO: [ template_filter ] --END-- [ RunTime:0.000084s ]
INFO: Run Behavior\ParseTemplateBehavior [ RunTime:0.014970s ]
INFO: [ view_parse ] --END-- [ RunTime:0.015007s ]
INFO: [ view_filter ] --START--
INFO: Run Behavior\WriteHtmlCacheBehavior [ RunTime:0.000149s ]
INFO: [ view_filter ] --END-- [ RunTime:0.000168s ]
INFO: [ app_end ] --START--
INFO: Run Behavior\ShowPageTraceBehavior [ RunTime:0.000246s ]
INFO: [ app_end ] --END-- [ RunTime:0.000268s ]

[ 2021-12-12T00:01:08+08:00 ] 127.0.0.1 /Material/getHisList?page=1&limit=10
INFO: [ app_init ] --START--
INFO: Run Behavior\BuildLiteBehavior [ RunTime:0.000007s ]
INFO: [ app_init ] --END-- [ RunTime:0.000182s ]
INFO: [ app_begin ] --START--
INFO: Run Behavior\ReadHtmlCacheBehavior [ RunTime:0.000244s ]
INFO: [ app_begin ] --END-- [ RunTime:0.000269s ]
SQL: SHOW COLUMNS FROM `t_material` [ RunTime:0.0271s ]
SQL: SELECT * FROM `t_material` WHERE ( is_del = 0 AND is_show = 1 AND is_dui = 1  )  [ RunTime:0.0769s ]
SQL: SHOW COLUMNS FROM `t_material` [ RunTime:0.0241s ]
SQL: SELECT `material_id`,`ins_code`,`material_name`,`material_chemical_name`,`material_form_name`,`material_specification`,tdp.material_producer_name,`src_unit_name`,`is_dui`,`abbreviate_name` FROM t_material td INNER JOIN t_material_form tdf ON td.material_form_id = tdf.material_form_id INNER JOIN t_material_producer tdp ON td.material_producer_id = tdp.material_producer_id INNER JOIN t_src_unit tsu ON td.src_unit_id = tsu.src_unit_id  WHERE ( td.is_del = 0 AND is_show = 1 and is_dui = 1  ) ORDER BY `material_id` LIMIT 1,10   [ RunTime:0.0250s ]
INFO: [ app_end ] --START--
INFO: Run Behavior\ShowPageTraceBehavior [ RunTime:0.000320s ]
INFO: [ app_end ] --END-- [ RunTime:0.000347s ]

[ 2021-12-12T00:01:08+08:00 ] 127.0.0.1 /Drug/getNccList?page=1&limit=10
INFO: [ app_init ] --START--
INFO: Run Behavior\BuildLiteBehavior [ RunTime:0.000007s ]
INFO: [ app_init ] --END-- [ RunTime:0.000172s ]
INFO: [ app_begin ] --START--
INFO: Run Behavior\ReadHtmlCacheBehavior [ RunTime:0.000213s ]
INFO: [ app_begin ] --END-- [ RunTime:0.000236s ]
SQL: SHOW COLUMNS FROM `ncc_wuliao` [ RunTime:0.0256s ]
SQL: SELECT * FROM `ncc_wuliao` WHERE ( enablestate = 2 AND dr = 0  )  [ RunTime:0.0264s ]
SQL: SELECT * FROM `ncc_wuliao` WHERE ( enablestate = 2 AND dr = 0  ) ORDER BY `id` LIMIT 0,10   [ RunTime:0.0252s ]
INFO: [ app_end ] --START--
INFO: Run Behavior\ShowPageTraceBehavior [ RunTime:0.000313s ]
INFO: [ app_end ] --END-- [ RunTime:0.000336s ]

[ 2021-12-12T00:01:11+08:00 ] 127.0.0.1 /Material/delMaterial?id=23
INFO: [ app_init ] --START--
INFO: Run Behavior\BuildLiteBehavior [ RunTime:0.000007s ]
INFO: [ app_init ] --END-- [ RunTime:0.000186s ]
INFO: [ app_begin ] --START--
INFO: Run Behavior\ReadHtmlCacheBehavior [ RunTime:0.000223s ]
INFO: [ app_begin ] --END-- [ RunTime:0.000247s ]
SQL: SHOW COLUMNS FROM `material_his_ncc` [ RunTime:0.0246s ]
SQL: SELECT * FROM `material_his_ncc` WHERE ( id = 23 ) LIMIT 1   [ RunTime:0.0240s ]
SQL: DELETE FROM `material_his_ncc` WHERE ( id = 23 ) [ RunTime:0.0239s ]
SQL: SHOW COLUMNS FROM `t_material` [ RunTime:0.0210s ]
SQL: UPDATE `t_material` SET `is_dui`='1' WHERE ( material_id = 470 ) [ RunTime:0.0202s ]
SQL: SELECT * FROM `material_his_ncc` WHERE ( wuliao_code = '01029999' )  [ RunTime:0.0240s ]
SQL: SHOW COLUMNS FROM `ncc_wuliao` [ RunTime:0.0242s ]
SQL: UPDATE `ncc_wuliao` SET `is_dui`='1' WHERE ( code = '01029999' ) [ RunTime:0.0243s ]
INFO: [ app_end ] --START--
INFO: Run Behavior\ShowPageTraceBehavior [ RunTime:0.000317s ]
INFO: [ app_end ] --END-- [ RunTime:0.000339s ]

[ 2021-12-12T00:01:13+08:00 ] 127.0.0.1 /Material/materialList?page=1&limit=20
INFO: [ app_init ] --START--
INFO: Run Behavior\BuildLiteBehavior [ RunTime:0.000007s ]
INFO: [ app_init ] --END-- [ RunTime:0.000176s ]
INFO: [ app_begin ] --START--
INFO: Run Behavior\ReadHtmlCacheBehavior [ RunTime:0.000216s ]
INFO: [ app_begin ] --END-- [ RunTime:0.000240s ]
SQL: SHOW COLUMNS FROM `material_his_ncc` [ RunTime:0.0198s ]
SQL: SELECT * FROM `material_his_ncc` WHERE ( 1= 1 )  [ RunTime:0.0197s ]
SQL: SELECT material_his_ncc.id,`material_id`,`ins_code`,`material_name`,`material_chemical_name`,`material_form_name`,`material_specification`,`material_producer_name`,`src_unit_name`,`abbreviate_name`,`name`,`wuliao_code`,`user_name`,`create_time` FROM `material_his_ncc` INNER JOIN ncc_wuliao ON material_his_ncc.wuliao_code = ncc_wuliao.code  WHERE ( 1= 1 ) LIMIT 0,20   [ RunTime:0.0198s ]
INFO: [ app_end ] --START--
INFO: Run Behavior\ShowPageTraceBehavior [ RunTime:0.000318s ]
INFO: [ app_end ] --END-- [ RunTime:0.000341s ]

[ 2021-12-12T00:01:16+08:00 ] 127.0.0.1 /Material/index
INFO: [ app_init ] --START--
INFO: Run Behavior\BuildLiteBehavior [ RunTime:0.000006s ]
INFO: [ app_init ] --END-- [ RunTime:0.000172s ]
INFO: [ app_begin ] --START--
INFO: Run Behavior\ReadHtmlCacheBehavior [ RunTime:0.000211s ]
INFO: [ app_begin ] --END-- [ RunTime:0.000235s ]
INFO: [ view_parse ] --START--
INFO: [ template_filter ] --START--
INFO: Run Behavior\ContentReplaceBehavior [ RunTime:0.000048s ]
INFO: [ template_filter ] --END-- [ RunTime:0.000071s ]
INFO: Run Behavior\ParseTemplateBehavior [ RunTime:0.014704s ]
INFO: [ view_parse ] --END-- [ RunTime:0.014741s ]
INFO: [ view_filter ] --START--
INFO: Run Behavior\WriteHtmlCacheBehavior [ RunTime:0.000145s ]
INFO: [ view_filter ] --END-- [ RunTime:0.000163s ]
INFO: [ app_end ] --START--
INFO: Run Behavior\ShowPageTraceBehavior [ RunTime:0.000226s ]
INFO: [ app_end ] --END-- [ RunTime:0.000247s ]

[ 2021-12-12T00:01:16+08:00 ] 127.0.0.1 /Material/getHisList?page=1&limit=10
INFO: [ app_init ] --START--
INFO: Run Behavior\BuildLiteBehavior [ RunTime:0.000007s ]
INFO: [ app_init ] --END-- [ RunTime:0.000178s ]
INFO: [ app_begin ] --START--
INFO: Run Behavior\ReadHtmlCacheBehavior [ RunTime:0.000228s ]
INFO: [ app_begin ] --END-- [ RunTime:0.000250s ]
SQL: SHOW COLUMNS FROM `t_material` [ RunTime:0.0257s ]
SQL: SELECT * FROM `t_material` WHERE ( is_del = 0 AND is_show = 1 AND is_dui = 1  )  [ RunTime:0.0766s ]
SQL: SHOW COLUMNS FROM `t_material` [ RunTime:0.0240s ]
SQL: SELECT `material_id`,`ins_code`,`material_name`,`material_chemical_name`,`material_form_name`,`material_specification`,tdp.material_producer_name,`src_unit_name`,`is_dui`,`abbreviate_name` FROM t_material td INNER JOIN t_material_form tdf ON td.material_form_id = tdf.material_form_id INNER JOIN t_material_producer tdp ON td.material_producer_id = tdp.material_producer_id INNER JOIN t_src_unit tsu ON td.src_unit_id = tsu.src_unit_id  WHERE ( td.is_del = 0 AND is_show = 1 and is_dui = 1  ) ORDER BY `material_id` LIMIT 1,10   [ RunTime:0.0251s ]
INFO: [ app_end ] --START--
INFO: Run Behavior\ShowPageTraceBehavior [ RunTime:0.000326s ]
INFO: [ app_end ] --END-- [ RunTime:0.000352s ]

[ 2021-12-12T00:01:16+08:00 ] 127.0.0.1 /Drug/getNccList?page=1&limit=10
INFO: [ app_init ] --START--
INFO: Run Behavior\BuildLiteBehavior [ RunTime:0.000006s ]
INFO: [ app_init ] --END-- [ RunTime:0.000175s ]
INFO: [ app_begin ] --START--
INFO: Run Behavior\ReadHtmlCacheBehavior [ RunTime:0.000228s ]
INFO: [ app_begin ] --END-- [ RunTime:0.000250s ]
SQL: SHOW COLUMNS FROM `ncc_wuliao` [ RunTime:0.0223s ]
SQL: SELECT * FROM `ncc_wuliao` WHERE ( enablestate = 2 AND dr = 0  )  [ RunTime:0.0221s ]
SQL: SELECT * FROM `ncc_wuliao` WHERE ( enablestate = 2 AND dr = 0  ) ORDER BY `id` LIMIT 0,10   [ RunTime:0.0206s ]
INFO: [ app_end ] --START--
INFO: Run Behavior\ShowPageTraceBehavior [ RunTime:0.000330s ]
INFO: [ app_end ] --END-- [ RunTime:0.000357s ]

[ 2021-12-12T00:01:45+08:00 ] 127.0.0.1 /Material/materialList
INFO: [ app_init ] --START--
INFO: Run Behavior\BuildLiteBehavior [ RunTime:0.000006s ]
INFO: [ app_init ] --END-- [ RunTime:0.000177s ]
INFO: [ app_begin ] --START--
INFO: Run Behavior\ReadHtmlCacheBehavior [ RunTime:0.000214s ]
INFO: [ app_begin ] --END-- [ RunTime:0.000240s ]
INFO: [ view_parse ] --START--
INFO: [ template_filter ] --START--
INFO: Run Behavior\ContentReplaceBehavior [ RunTime:0.000036s ]
INFO: [ template_filter ] --END-- [ RunTime:0.000061s ]
INFO: Run Behavior\ParseTemplateBehavior [ RunTime:0.003419s ]
INFO: [ view_parse ] --END-- [ RunTime:0.003445s ]
INFO: [ view_filter ] --START--
INFO: Run Behavior\WriteHtmlCacheBehavior [ RunTime:0.000109s ]
INFO: [ view_filter ] --END-- [ RunTime:0.000124s ]
INFO: [ app_end ] --START--
INFO: Run Behavior\ShowPageTraceBehavior [ RunTime:0.000218s ]
INFO: [ app_end ] --END-- [ RunTime:0.000238s ]

[ 2021-12-12T00:01:45+08:00 ] 127.0.0.1 /Material/materialList?page=1&limit=20
INFO: [ app_init ] --START--
INFO: Run Behavior\BuildLiteBehavior [ RunTime:0.000006s ]
INFO: [ app_init ] --END-- [ RunTime:0.000175s ]
INFO: [ app_begin ] --START--
INFO: Run Behavior\ReadHtmlCacheBehavior [ RunTime:0.000217s ]
INFO: [ app_begin ] --END-- [ RunTime:0.000240s ]
SQL: SHOW COLUMNS FROM `material_his_ncc` [ RunTime:0.0244s ]
SQL: SELECT * FROM `material_his_ncc` WHERE ( 1= 1 )  [ RunTime:0.0241s ]
SQL: SELECT material_his_ncc.id,`material_id`,`ins_code`,`material_name`,`material_chemical_name`,`material_form_name`,`material_specification`,`material_producer_name`,`src_unit_name`,`abbreviate_name`,`name`,`wuliao_code`,`user_name`,`create_time` FROM `material_his_ncc` INNER JOIN ncc_wuliao ON material_his_ncc.wuliao_code = ncc_wuliao.code  WHERE ( 1= 1 ) LIMIT 0,20   [ RunTime:0.0240s ]
INFO: [ app_end ] --START--
INFO: Run Behavior\ShowPageTraceBehavior [ RunTime:0.000329s ]
INFO: [ app_end ] --END-- [ RunTime:0.000352s ]

[ 2021-12-12T00:01:50+08:00 ] 127.0.0.1 /Drug/drugList
INFO: [ app_init ] --START--
INFO: Run Behavior\BuildLiteBehavior [ RunTime:0.000007s ]
INFO: [ app_init ] --END-- [ RunTime:0.000175s ]
INFO: [ app_begin ] --START--
INFO: Run Behavior\ReadHtmlCacheBehavior [ RunTime:0.000217s ]
INFO: [ app_begin ] --END-- [ RunTime:0.000242s ]
INFO: [ view_parse ] --START--
INFO: [ template_filter ] --START--
INFO: Run Behavior\ContentReplaceBehavior [ RunTime:0.000038s ]
INFO: [ template_filter ] --END-- [ RunTime:0.000065s ]
INFO: Run Behavior\ParseTemplateBehavior [ RunTime:0.018747s ]
INFO: [ view_parse ] --END-- [ RunTime:0.018785s ]
INFO: [ view_filter ] --START--
INFO: Run Behavior\WriteHtmlCacheBehavior [ RunTime:0.000146s ]
INFO: [ view_filter ] --END-- [ RunTime:0.000165s ]
INFO: [ app_end ] --START--
INFO: Run Behavior\ShowPageTraceBehavior [ RunTime:0.000230s ]
INFO: [ app_end ] --END-- [ RunTime:0.000250s ]

[ 2021-12-12T00:01:51+08:00 ] 127.0.0.1 /Drug/drugList?page=1&limit=20
INFO: [ app_init ] --START--
INFO: Run Behavior\BuildLiteBehavior [ RunTime:0.000006s ]
INFO: [ app_init ] --END-- [ RunTime:0.000181s ]
INFO: [ app_begin ] --START--
INFO: Run Behavior\ReadHtmlCacheBehavior [ RunTime:0.000216s ]
INFO: [ app_begin ] --END-- [ RunTime:0.000239s ]
SQL: SHOW COLUMNS FROM `drug_his_ncc` [ RunTime:0.0208s ]
SQL: SELECT * FROM `drug_his_ncc` WHERE ( 1= 1 )  [ RunTime:0.0208s ]
SQL: SELECT drug_his_ncc.id,`drug_id`,`ins_code`,`drug_name`,`drug_chemical_name`,`drug_form_name`,`drug_specification`,`drug_producer_name`,`src_unit_name`,`abbreviate_name`,`name`,`wuliao_code`,`user_name`,`create_time` FROM `drug_his_ncc` INNER JOIN ncc_wuliao ON drug_his_ncc.wuliao_code = ncc_wuliao.code  WHERE ( 1= 1 ) LIMIT 0,20   [ RunTime:0.0210s ]
INFO: [ app_end ] --START--
INFO: Run Behavior\ShowPageTraceBehavior [ RunTime:0.000320s ]
INFO: [ app_end ] --END-- [ RunTime:0.000344s ]

[ 2021-12-12T00:01:51+08:00 ] 127.0.0.1 /Material/index
INFO: [ app_init ] --START--
INFO: Run Behavior\BuildLiteBehavior [ RunTime:0.000007s ]
INFO: [ app_init ] --END-- [ RunTime:0.000191s ]
INFO: [ app_begin ] --START--
INFO: Run Behavior\ReadHtmlCacheBehavior [ RunTime:0.000219s ]
INFO: [ app_begin ] --END-- [ RunTime:0.000244s ]
INFO: [ view_parse ] --START--
INFO: [ template_filter ] --START--
INFO: Run Behavior\ContentReplaceBehavior [ RunTime:0.000055s ]
INFO: [ template_filter ] --END-- [ RunTime:0.000082s ]
INFO: Run Behavior\ParseTemplateBehavior [ RunTime:0.015521s ]
INFO: [ view_parse ] --END-- [ RunTime:0.015556s ]
INFO: [ view_filter ] --START--
INFO: Run Behavior\WriteHtmlCacheBehavior [ RunTime:0.000144s ]
INFO: [ view_filter ] --END-- [ RunTime:0.000161s ]
INFO: [ app_end ] --START--
INFO: Run Behavior\ShowPageTraceBehavior [ RunTime:0.000232s ]
INFO: [ app_end ] --END-- [ RunTime:0.000252s ]

[ 2021-12-12T00:01:51+08:00 ] 127.0.0.1 /Material/getHisList?page=1&limit=10
INFO: [ app_init ] --START--
INFO: Run Behavior\BuildLiteBehavior [ RunTime:0.000008s ]
INFO: [ app_init ] --END-- [ RunTime:0.000180s ]
INFO: [ app_begin ] --START--
INFO: Run Behavior\ReadHtmlCacheBehavior [ RunTime:0.000227s ]
INFO: [ app_begin ] --END-- [ RunTime:0.000250s ]
SQL: SHOW COLUMNS FROM `t_material` [ RunTime:0.0252s ]
SQL: SELECT * FROM `t_material` WHERE ( is_del = 0 AND is_show = 1 AND is_dui = 1  )  [ RunTime:0.0766s ]
SQL: SHOW COLUMNS FROM `t_material` [ RunTime:0.0256s ]
SQL: SELECT `material_id`,`ins_code`,`material_name`,`material_chemical_name`,`material_form_name`,`material_specification`,tdp.material_producer_name,`src_unit_name`,`is_dui`,`abbreviate_name` FROM t_material td INNER JOIN t_material_form tdf ON td.material_form_id = tdf.material_form_id INNER JOIN t_material_producer tdp ON td.material_producer_id = tdp.material_producer_id INNER JOIN t_src_unit tsu ON td.src_unit_id = tsu.src_unit_id  WHERE ( td.is_del = 0 AND is_show = 1 and is_dui = 1  ) ORDER BY `material_id` LIMIT 1,10   [ RunTime:0.0253s ]
INFO: [ app_end ] --START--
INFO: Run Behavior\ShowPageTraceBehavior [ RunTime:0.000349s ]
INFO: [ app_end ] --END-- [ RunTime:0.000373s ]

[ 2021-12-12T00:01:51+08:00 ] 127.0.0.1 /Drug/getNccList?page=1&limit=10
INFO: [ app_init ] --START--
INFO: Run Behavior\BuildLiteBehavior [ RunTime:0.000012s ]
INFO: [ app_init ] --END-- [ RunTime:0.000282s ]
INFO: [ app_begin ] --START--
INFO: Run Behavior\ReadHtmlCacheBehavior [ RunTime:0.000286s ]
INFO: [ app_begin ] --END-- [ RunTime:0.000319s ]
SQL: SHOW COLUMNS FROM `ncc_wuliao` [ RunTime:0.0237s ]
SQL: SELECT * FROM `ncc_wuliao` WHERE ( enablestate = 2 AND dr = 0  )  [ RunTime:0.0241s ]
SQL: SELECT * FROM `ncc_wuliao` WHERE ( enablestate = 2 AND dr = 0  ) ORDER BY `id` LIMIT 0,10   [ RunTime:0.0228s ]
INFO: [ app_end ] --START--
INFO: Run Behavior\ShowPageTraceBehavior [ RunTime:0.000318s ]
INFO: [ app_end ] --END-- [ RunTime:0.000342s ]

[ 2021-12-12T00:01:51+08:00 ] 127.0.0.1 /Material/materialList
INFO: [ app_init ] --START--
INFO: Run Behavior\BuildLiteBehavior [ RunTime:0.000006s ]
INFO: [ app_init ] --END-- [ RunTime:0.000180s ]
INFO: [ app_begin ] --START--
INFO: Run Behavior\ReadHtmlCacheBehavior [ RunTime:0.000215s ]
INFO: [ app_begin ] --END-- [ RunTime:0.000241s ]
INFO: [ view_parse ] --START--
INFO: [ template_filter ] --START--
INFO: Run Behavior\ContentReplaceBehavior [ RunTime:0.000042s ]
INFO: [ template_filter ] --END-- [ RunTime:0.000078s ]
INFO: Run Behavior\ParseTemplateBehavior [ RunTime:0.004110s ]
INFO: [ view_parse ] --END-- [ RunTime:0.004154s ]
INFO: [ view_filter ] --START--
INFO: Run Behavior\WriteHtmlCacheBehavior [ RunTime:0.000147s ]
INFO: [ view_filter ] --END-- [ RunTime:0.000166s ]
INFO: [ app_end ] --START--
INFO: Run Behavior\ShowPageTraceBehavior [ RunTime:0.000235s ]
INFO: [ app_end ] --END-- [ RunTime:0.000255s ]

[ 2021-12-12T00:01:52+08:00 ] 127.0.0.1 /Material/materialList?page=1&limit=20
INFO: [ app_init ] --START--
INFO: Run Behavior\BuildLiteBehavior [ RunTime:0.000007s ]
INFO: [ app_init ] --END-- [ RunTime:0.000185s ]
INFO: [ app_begin ] --START--
INFO: Run Behavior\ReadHtmlCacheBehavior [ RunTime:0.000218s ]
INFO: [ app_begin ] --END-- [ RunTime:0.000242s ]
SQL: SHOW COLUMNS FROM `material_his_ncc` [ RunTime:0.0276s ]
SQL: SELECT * FROM `material_his_ncc` WHERE ( 1= 1 )  [ RunTime:0.0271s ]
SQL: SELECT material_his_ncc.id,`material_id`,`ins_code`,`material_name`,`material_chemical_name`,`material_form_name`,`material_specification`,`material_producer_name`,`src_unit_name`,`abbreviate_name`,`name`,`wuliao_code`,`user_name`,`create_time` FROM `material_his_ncc` INNER JOIN ncc_wuliao ON material_his_ncc.wuliao_code = ncc_wuliao.code  WHERE ( 1= 1 ) LIMIT 0,20   [ RunTime:0.0276s ]
INFO: [ app_end ] --START--
INFO: Run Behavior\ShowPageTraceBehavior [ RunTime:0.000320s ]
INFO: [ app_end ] --END-- [ RunTime:0.000343s ]

[ 2021-12-12T00:01:58+08:00 ] 127.0.0.1 /Index/notFound
INFO: [ app_init ] --START--
INFO: Run Behavior\BuildLiteBehavior [ RunTime:0.000007s ]
INFO: [ app_init ] --END-- [ RunTime:0.000178s ]
INFO: [ app_begin ] --START--
INFO: Run Behavior\ReadHtmlCacheBehavior [ RunTime:0.000220s ]
INFO: [ app_begin ] --END-- [ RunTime:0.000246s ]
INFO: [ view_parse ] --START--
INFO: [ template_filter ] --START--
INFO: Run Behavior\ContentReplaceBehavior [ RunTime:0.000031s ]
INFO: [ template_filter ] --END-- [ RunTime:0.000052s ]
INFO: Run Behavior\ParseTemplateBehavior [ RunTime:0.013389s ]
INFO: [ view_parse ] --END-- [ RunTime:0.013426s ]
INFO: [ view_filter ] --START--
INFO: Run Behavior\WriteHtmlCacheBehavior [ RunTime:0.000150s ]
INFO: [ view_filter ] --END-- [ RunTime:0.000170s ]
INFO: [ app_end ] --START--
INFO: Run Behavior\ShowPageTraceBehavior [ RunTime:0.000231s ]
INFO: [ app_end ] --END-- [ RunTime:0.000252s ]

[ 2021-12-12T00:01:58+08:00 ] 127.0.0.1 /lib/layui-v2.6.3/layui.js
INFO: [ app_init ] --START--
INFO: Run Behavior\BuildLiteBehavior [ RunTime:0.000006s ]
INFO: [ app_init ] --END-- [ RunTime:0.000177s ]
INFO: [ app_begin ] --START--
INFO: Run Behavior\ReadHtmlCacheBehavior [ RunTime:0.000223s ]
INFO: [ app_begin ] --END-- [ RunTime:0.000248s ]
ERR: 无法加载控制器:Lib

[ 2021-12-12T00:33:52+08:00 ] 127.0.0.1 /Index/index
INFO: [ app_init ] --START--
INFO: Run Behavior\BuildLiteBehavior [ RunTime:0.000008s ]
INFO: [ app_init ] --END-- [ RunTime:0.000463s ]
INFO: [ app_begin ] --START--
INFO: Run Behavior\ReadHtmlCacheBehavior [ RunTime:0.000542s ]
INFO: [ app_begin ] --END-- [ RunTime:0.000574s ]
NOTIC: [8] Undefined index: username D:\phpstudy_pro\WWW\thinkphp32-master\Application\Admin\Common\BaseController.class.php 第 18 行.

[ 2021-12-12T00:33:52+08:00 ] 127.0.0.1 /Login/login
INFO: [ app_init ] --START--
INFO: Run Behavior\BuildLiteBehavior [ RunTime:0.000006s ]
INFO: [ app_init ] --END-- [ RunTime:0.000169s ]
INFO: [ app_begin ] --START--
INFO: Run Behavior\ReadHtmlCacheBehavior [ RunTime:0.000229s ]
INFO: [ app_begin ] --END-- [ RunTime:0.000256s ]
INFO: [ view_parse ] --START--
INFO: [ template_filter ] --START--
INFO: Run Behavior\ContentReplaceBehavior [ RunTime:0.000037s ]
INFO: [ template_filter ] --END-- [ RunTime:0.000071s ]
INFO: Run Behavior\ParseTemplateBehavior [ RunTime:0.058754s ]
INFO: [ view_parse ] --END-- [ RunTime:0.058795s ]
INFO: [ view_filter ] --START--
INFO: Run Behavior\WriteHtmlCacheBehavior [ RunTime:0.032175s ]
INFO: [ view_filter ] --END-- [ RunTime:0.032206s ]
INFO: [ app_end ] --START--
INFO: Run Behavior\ShowPageTraceBehavior [ RunTime:0.001189s ]
INFO: [ app_end ] --END-- [ RunTime:0.001213s ]

[ 2021-12-12T00:33:56+08:00 ] 127.0.0.1 /Login/checkLogin
INFO: [ app_init ] --START--
INFO: Run Behavior\BuildLiteBehavior [ RunTime:0.000006s ]
INFO: [ app_init ] --END-- [ RunTime:0.000168s ]
INFO: [ app_begin ] --START--
INFO: Run Behavior\ReadHtmlCacheBehavior [ RunTime:0.000212s ]
INFO: [ app_begin ] --END-- [ RunTime:0.000236s ]
SQL: SHOW COLUMNS FROM `t_user` [ RunTime:0.0244s ]
SQL: SELECT * FROM `t_user` WHERE ( login_name = 'ncc_user' AND login_pwd = 'e10adc3949ba59abbe56e057f20f883e' ) LIMIT 1   [ RunTime:0.0241s ]
INFO: [ app_end ] --START--
INFO: Run Behavior\ShowPageTraceBehavior [ RunTime:0.000423s ]
INFO: [ app_end ] --END-- [ RunTime:0.000491s ]

[ 2021-12-12T00:33:57+08:00 ] 127.0.0.1 /Index/index
INFO: [ app_init ] --START--
INFO: Run Behavior\BuildLiteBehavior [ RunTime:0.000006s ]
INFO: [ app_init ] --END-- [ RunTime:0.000178s ]
INFO: [ app_begin ] --START--
INFO: Run Behavior\ReadHtmlCacheBehavior [ RunTime:0.000240s ]
INFO: [ app_begin ] --END-- [ RunTime:0.000270s ]
INFO: [ view_parse ] --START--
INFO: [ template_filter ] --START--
INFO: Run Behavior\ContentReplaceBehavior [ RunTime:0.000045s ]
INFO: [ template_filter ] --END-- [ RunTime:0.000075s ]
INFO: Run Behavior\ParseTemplateBehavior [ RunTime:0.029620s ]
INFO: [ view_parse ] --END-- [ RunTime:0.029660s ]
INFO: [ view_filter ] --START--
INFO: Run Behavior\WriteHtmlCacheBehavior [ RunTime:0.000150s ]
INFO: [ view_filter ] --END-- [ RunTime:0.000167s ]
INFO: [ app_end ] --START--
INFO: Run Behavior\ShowPageTraceBehavior [ RunTime:0.000234s ]
INFO: [ app_end ] --END-- [ RunTime:0.000257s ]

[ 2021-12-12T00:33:57+08:00 ] 127.0.0.1 /Drug/index
INFO: [ app_init ] --START--
INFO: Run Behavior\BuildLiteBehavior [ RunTime:0.000009s ]
INFO: [ app_init ] --END-- [ RunTime:0.000265s ]
INFO: [ app_begin ] --START--
INFO: Run Behavior\ReadHtmlCacheBehavior [ RunTime:0.000257s ]
INFO: [ app_begin ] --END-- [ RunTime:0.000286s ]
INFO: [ view_parse ] --START--
INFO: [ template_filter ] --START--
INFO: Run Behavior\ContentReplaceBehavior [ RunTime:0.000053s ]
INFO: [ template_filter ] --END-- [ RunTime:0.000083s ]
INFO: Run Behavior\ParseTemplateBehavior [ RunTime:0.026475s ]
INFO: [ view_parse ] --END-- [ RunTime:0.026519s ]
INFO: [ view_filter ] --START--
INFO: Run Behavior\WriteHtmlCacheBehavior [ RunTime:0.000159s ]
INFO: [ view_filter ] --END-- [ RunTime:0.000177s ]
INFO: [ app_end ] --START--
INFO: Run Behavior\ShowPageTraceBehavior [ RunTime:0.000251s ]
INFO: [ app_end ] --END-- [ RunTime:0.000271s ]

[ 2021-12-12T00:33:58+08:00 ] 127.0.0.1 /Drug/getHisList?page=1&limit=10
INFO: [ app_init ] --START--
INFO: Run Behavior\BuildLiteBehavior [ RunTime:0.000008s ]
INFO: [ app_init ] --END-- [ RunTime:0.000258s ]
INFO: [ app_begin ] --START--
INFO: Run Behavior\ReadHtmlCacheBehavior [ RunTime:0.000349s ]
INFO: [ app_begin ] --END-- [ RunTime:0.000390s ]
SQL: SHOW COLUMNS FROM `t_drug` [ RunTime:0.0253s ]
SQL: SELECT * FROM `t_drug` WHERE ( is_del = 0 AND is_show = 1 AND is_dui = 1  )  [ RunTime:0.1235s ]
SQL: SHOW COLUMNS FROM `t_drug` [ RunTime:0.0243s ]
SQL: SELECT `drug_id`,`ins_code`,`drug_name`,`drug_chemical_name`,`drug_form_name`,`drug_specification`,tdp.drug_producer_name,`src_unit_name`,`is_dui`,`abbreviate_name` FROM t_drug td INNER JOIN t_drug_form tdf ON td.drug_form_id = tdf.drug_form_id INNER JOIN t_drug_producer tdp ON td.drug_producer_id = tdp.drug_producer_id INNER JOIN t_src_unit tsu ON td.src_unit_id = tsu.src_unit_id  WHERE ( td.is_del = 0 AND is_show = 1 and is_dui = 1  ) ORDER BY `drug_id` LIMIT 1,10   [ RunTime:0.0244s ]
INFO: [ app_end ] --START--
INFO: Run Behavior\ShowPageTraceBehavior [ RunTime:0.000445s ]
INFO: [ app_end ] --END-- [ RunTime:0.000485s ]

[ 2021-12-12T00:33:58+08:00 ] 127.0.0.1 /Drug/getNccList?page=1&limit=10
INFO: [ app_init ] --START--
INFO: Run Behavior\BuildLiteBehavior [ RunTime:0.000011s ]
INFO: [ app_init ] --END-- [ RunTime:0.000310s ]
INFO: [ app_begin ] --START--
INFO: Run Behavior\ReadHtmlCacheBehavior [ RunTime:0.000410s ]
INFO: [ app_begin ] --END-- [ RunTime:0.000452s ]
SQL: SHOW COLUMNS FROM `ncc_wuliao` [ RunTime:0.0203s ]
SQL: SELECT * FROM `ncc_wuliao` WHERE ( enablestate = 2 AND dr = 0  )  [ RunTime:0.0207s ]
SQL: SELECT * FROM `ncc_wuliao` WHERE ( enablestate = 2 AND dr = 0  ) ORDER BY `id` LIMIT 0,10   [ RunTime:0.0201s ]
INFO: [ app_end ] --START--
INFO: Run Behavior\ShowPageTraceBehavior [ RunTime:0.000415s ]
INFO: [ app_end ] --END-- [ RunTime:0.000445s ]

[ 2021-12-12T00:34:04+08:00 ] 127.0.0.1 /Drug/drugList
INFO: [ app_init ] --START--
INFO: Run Behavior\BuildLiteBehavior [ RunTime:0.000008s ]
INFO: [ app_init ] --END-- [ RunTime:0.000230s ]
INFO: [ app_begin ] --START--
INFO: Run Behavior\ReadHtmlCacheBehavior [ RunTime:0.000249s ]
INFO: [ app_begin ] --END-- [ RunTime:0.000278s ]
INFO: [ view_parse ] --START--
INFO: [ template_filter ] --START--
INFO: Run Behavior\ContentReplaceBehavior [ RunTime:0.000037s ]
INFO: [ template_filter ] --END-- [ RunTime:0.000067s ]
INFO: Run Behavior\ParseTemplateBehavior [ RunTime:0.008602s ]
INFO: [ view_parse ] --END-- [ RunTime:0.008629s ]
INFO: [ view_filter ] --START--
INFO: Run Behavior\WriteHtmlCacheBehavior [ RunTime:0.000115s ]
INFO: [ view_filter ] --END-- [ RunTime:0.000132s ]
INFO: [ app_end ] --START--
INFO: Run Behavior\ShowPageTraceBehavior [ RunTime:0.000220s ]
INFO: [ app_end ] --END-- [ RunTime:0.000240s ]

[ 2021-12-12T00:34:04+08:00 ] 127.0.0.1 /Drug/drugList?page=1&limit=20
INFO: [ app_init ] --START--
INFO: Run Behavior\BuildLiteBehavior [ RunTime:0.000012s ]
INFO: [ app_init ] --END-- [ RunTime:0.000205s ]
INFO: [ app_begin ] --START--
INFO: Run Behavior\ReadHtmlCacheBehavior [ RunTime:0.000470s ]
INFO: [ app_begin ] --END-- [ RunTime:0.000529s ]
SQL: SHOW COLUMNS FROM `drug_his_ncc` [ RunTime:0.0202s ]
SQL: SELECT * FROM `drug_his_ncc` WHERE ( 1= 1 )  [ RunTime:0.0203s ]
SQL: SELECT drug_his_ncc.id,`drug_id`,`ins_code`,`drug_name`,`drug_chemical_name`,`drug_form_name`,`drug_specification`,`drug_producer_name`,`src_unit_name`,`abbreviate_name`,`name`,`wuliao_code`,`user_name`,`create_time` FROM `drug_his_ncc` INNER JOIN ncc_wuliao ON drug_his_ncc.wuliao_code = ncc_wuliao.code  WHERE ( 1= 1 ) LIMIT 0,20   [ RunTime:0.0205s ]
INFO: [ app_end ] --START--
INFO: Run Behavior\ShowPageTraceBehavior [ RunTime:0.000304s ]
INFO: [ app_end ] --END-- [ RunTime:0.000328s ]

[ 2021-12-12T00:34:14+08:00 ] 127.0.0.1 /Drug/drugList
INFO: [ app_init ] --START--
INFO: Run Behavior\BuildLiteBehavior [ RunTime:0.000008s ]
INFO: [ app_init ] --END-- [ RunTime:0.000203s ]
INFO: [ app_begin ] --START--
INFO: Run Behavior\ReadHtmlCacheBehavior [ RunTime:0.000264s ]
INFO: [ app_begin ] --END-- [ RunTime:0.000298s ]
INFO: [ view_parse ] --START--
INFO: [ template_filter ] --START--
INFO: Run Behavior\ContentReplaceBehavior [ RunTime:0.000048s ]
INFO: [ template_filter ] --END-- [ RunTime:0.000081s ]
INFO: Run Behavior\ParseTemplateBehavior [ RunTime:0.003844s ]
INFO: [ view_parse ] --END-- [ RunTime:0.003876s ]
INFO: [ view_filter ] --START--
INFO: Run Behavior\WriteHtmlCacheBehavior [ RunTime:0.000159s ]
INFO: [ view_filter ] --END-- [ RunTime:0.000177s ]
INFO: [ app_end ] --START--
INFO: Run Behavior\ShowPageTraceBehavior [ RunTime:0.000231s ]
INFO: [ app_end ] --END-- [ RunTime:0.000251s ]

[ 2021-12-12T00:34:14+08:00 ] 127.0.0.1 /Drug/drugList?page=1&limit=20
INFO: [ app_init ] --START--
INFO: Run Behavior\BuildLiteBehavior [ RunTime:0.000008s ]
INFO: [ app_init ] --END-- [ RunTime:0.000190s ]
INFO: [ app_begin ] --START--
INFO: Run Behavior\ReadHtmlCacheBehavior [ RunTime:0.000295s ]
INFO: [ app_begin ] --END-- [ RunTime:0.000325s ]
SQL: SHOW COLUMNS FROM `drug_his_ncc` [ RunTime:0.0269s ]
SQL: SELECT * FROM `drug_his_ncc` WHERE ( 1= 1 )  [ RunTime:0.0267s ]
SQL: SELECT drug_his_ncc.id,`drug_id`,`ins_code`,`drug_name`,`drug_chemical_name`,`drug_form_name`,`drug_specification`,`drug_producer_name`,`src_unit_name`,`abbreviate_name`,`name`,`wuliao_code`,`user_name`,`create_time` FROM `drug_his_ncc` INNER JOIN ncc_wuliao ON drug_his_ncc.wuliao_code = ncc_wuliao.code  WHERE ( 1= 1 ) LIMIT 0,20   [ RunTime:0.0270s ]
INFO: [ app_end ] --START--
INFO: Run Behavior\ShowPageTraceBehavior [ RunTime:0.000320s ]
INFO: [ app_end ] --END-- [ RunTime:0.000344s ]

[ 2021-12-12T00:34:15+08:00 ] 127.0.0.1 /Material/index
INFO: [ app_init ] --START--
INFO: Run Behavior\BuildLiteBehavior [ RunTime:0.000007s ]
INFO: [ app_init ] --END-- [ RunTime:0.000177s ]
INFO: [ app_begin ] --START--
INFO: Run Behavior\ReadHtmlCacheBehavior [ RunTime:0.000214s ]
INFO: [ app_begin ] --END-- [ RunTime:0.000239s ]
INFO: [ view_parse ] --START--
INFO: [ template_filter ] --START--
INFO: Run Behavior\ContentReplaceBehavior [ RunTime:0.000051s ]
INFO: [ template_filter ] --END-- [ RunTime:0.000082s ]
INFO: Run Behavior\ParseTemplateBehavior [ RunTime:0.017893s ]
INFO: [ view_parse ] --END-- [ RunTime:0.017945s ]
INFO: [ view_filter ] --START--
INFO: Run Behavior\WriteHtmlCacheBehavior [ RunTime:0.000144s ]
INFO: [ view_filter ] --END-- [ RunTime:0.000162s ]
INFO: [ app_end ] --START--
INFO: Run Behavior\ShowPageTraceBehavior [ RunTime:0.000231s ]
INFO: [ app_end ] --END-- [ RunTime:0.000252s ]

[ 2021-12-12T00:34:15+08:00 ] 127.0.0.1 /Material/getHisList?page=1&limit=10
INFO: [ app_init ] --START--
INFO: Run Behavior\BuildLiteBehavior [ RunTime:0.000014s ]
INFO: [ app_init ] --END-- [ RunTime:0.000315s ]
INFO: [ app_begin ] --START--
INFO: Run Behavior\ReadHtmlCacheBehavior [ RunTime:0.000484s ]
INFO: [ app_begin ] --END-- [ RunTime:0.000534s ]
SQL: SHOW COLUMNS FROM `t_material` [ RunTime:0.0200s ]
SQL: SELECT * FROM `t_material` WHERE ( is_del = 0 AND is_show = 1 AND is_dui = 1  )  [ RunTime:0.0592s ]
SQL: SHOW COLUMNS FROM `t_material` [ RunTime:0.0181s ]
SQL: SELECT `material_id`,`ins_code`,`material_name`,`material_chemical_name`,`material_form_name`,`material_specification`,tdp.material_producer_name,`src_unit_name`,`is_dui`,`abbreviate_name` FROM t_material td INNER JOIN t_material_form tdf ON td.material_form_id = tdf.material_form_id INNER JOIN t_material_producer tdp ON td.material_producer_id = tdp.material_producer_id INNER JOIN t_src_unit tsu ON td.src_unit_id = tsu.src_unit_id  WHERE ( td.is_del = 0 AND is_show = 1 and is_dui = 1  ) ORDER BY `material_id` LIMIT 1,10   [ RunTime:0.0196s ]
INFO: [ app_end ] --START--
INFO: Run Behavior\ShowPageTraceBehavior [ RunTime:0.000340s ]
INFO: [ app_end ] --END-- [ RunTime:0.000363s ]

[ 2021-12-12T00:34:16+08:00 ] 127.0.0.1 /Drug/getNccList?page=1&limit=10
INFO: [ app_init ] --START--
INFO: Run Behavior\BuildLiteBehavior [ RunTime:0.000012s ]
INFO: [ app_init ] --END-- [ RunTime:0.000265s ]
INFO: [ app_begin ] --START--
INFO: Run Behavior\ReadHtmlCacheBehavior [ RunTime:0.000267s ]
INFO: [ app_begin ] --END-- [ RunTime:0.000302s ]
SQL: SHOW COLUMNS FROM `ncc_wuliao` [ RunTime:0.0246s ]
SQL: SELECT * FROM `ncc_wuliao` WHERE ( enablestate = 2 AND dr = 0  )  [ RunTime:0.0246s ]
SQL: SELECT * FROM `ncc_wuliao` WHERE ( enablestate = 2 AND dr = 0  ) ORDER BY `id` LIMIT 0,10   [ RunTime:0.0242s ]
INFO: [ app_end ] --START--
INFO: Run Behavior\ShowPageTraceBehavior [ RunTime:0.000313s ]
INFO: [ app_end ] --END-- [ RunTime:0.000336s ]

[ 2021-12-12T00:34:16+08:00 ] 127.0.0.1 /Material/materialList
INFO: [ app_init ] --START--
INFO: Run Behavior\BuildLiteBehavior [ RunTime:0.000009s ]
INFO: [ app_init ] --END-- [ RunTime:0.000218s ]
INFO: [ app_begin ] --START--
INFO: Run Behavior\ReadHtmlCacheBehavior [ RunTime:0.000294s ]
INFO: [ app_begin ] --END-- [ RunTime:0.000328s ]
INFO: [ view_parse ] --START--
INFO: [ template_filter ] --START--
INFO: Run Behavior\ContentReplaceBehavior [ RunTime:0.000035s ]
INFO: [ template_filter ] --END-- [ RunTime:0.000064s ]
INFO: Run Behavior\ParseTemplateBehavior [ RunTime:0.004123s ]
INFO: [ view_parse ] --END-- [ RunTime:0.004155s ]
INFO: [ view_filter ] --START--
INFO: Run Behavior\WriteHtmlCacheBehavior [ RunTime:0.000119s ]
INFO: [ view_filter ] --END-- [ RunTime:0.000137s ]
INFO: [ app_end ] --START--
INFO: Run Behavior\ShowPageTraceBehavior [ RunTime:0.000224s ]
INFO: [ app_end ] --END-- [ RunTime:0.000245s ]

[ 2021-12-12T00:34:16+08:00 ] 127.0.0.1 /Material/materialList?page=1&limit=20
INFO: [ app_init ] --START--
INFO: Run Behavior\BuildLiteBehavior [ RunTime:0.000016s ]
INFO: [ app_init ] --END-- [ RunTime:0.000261s ]
INFO: [ app_begin ] --START--
INFO: Run Behavior\ReadHtmlCacheBehavior [ RunTime:0.000378s ]
INFO: [ app_begin ] --END-- [ RunTime:0.000425s ]
SQL: SHOW COLUMNS FROM `material_his_ncc` [ RunTime:0.0215s ]
SQL: SELECT * FROM `material_his_ncc` WHERE ( 1= 1 )  [ RunTime:0.0211s ]
SQL: SELECT material_his_ncc.id,`material_id`,`ins_code`,`material_name`,`material_chemical_name`,`material_form_name`,`material_specification`,`material_producer_name`,`src_unit_name`,`abbreviate_name`,`name`,`wuliao_code`,`user_name`,`create_time` FROM `material_his_ncc` INNER JOIN ncc_wuliao ON material_his_ncc.wuliao_code = ncc_wuliao.code  WHERE ( 1= 1 ) LIMIT 0,20   [ RunTime:0.0209s ]
INFO: [ app_end ] --START--
INFO: Run Behavior\ShowPageTraceBehavior [ RunTime:0.000449s ]
INFO: [ app_end ] --END-- [ RunTime:0.000489s ]

[ 2021-12-12T00:34:19+08:00 ] 127.0.0.1 /Index/notFound
INFO: [ app_init ] --START--
INFO: Run Behavior\BuildLiteBehavior [ RunTime:0.000006s ]
INFO: [ app_init ] --END-- [ RunTime:0.000176s ]
INFO: [ app_begin ] --START--
INFO: Run Behavior\ReadHtmlCacheBehavior [ RunTime:0.000219s ]
INFO: [ app_begin ] --END-- [ RunTime:0.000244s ]
INFO: [ view_parse ] --START--
INFO: [ template_filter ] --START--
INFO: Run Behavior\ContentReplaceBehavior [ RunTime:0.000036s ]
INFO: [ template_filter ] --END-- [ RunTime:0.000066s ]
INFO: Run Behavior\ParseTemplateBehavior [ RunTime:0.023423s ]
INFO: [ view_parse ] --END-- [ RunTime:0.023463s ]
INFO: [ view_filter ] --START--
INFO: Run Behavior\WriteHtmlCacheBehavior [ RunTime:0.000168s ]
INFO: [ view_filter ] --END-- [ RunTime:0.000187s ]
INFO: [ app_end ] --START--
INFO: Run Behavior\ShowPageTraceBehavior [ RunTime:0.000234s ]
INFO: [ app_end ] --END-- [ RunTime:0.000255s ]

[ 2021-12-12T00:34:19+08:00 ] 127.0.0.1 /lib/layui-v2.6.3/layui.js
INFO: [ app_init ] --START--
INFO: Run Behavior\BuildLiteBehavior [ RunTime:0.000014s ]
INFO: [ app_init ] --END-- [ RunTime:0.000384s ]
INFO: [ app_begin ] --START--
INFO: Run Behavior\ReadHtmlCacheBehavior [ RunTime:0.000375s ]
INFO: [ app_begin ] --END-- [ RunTime:0.000413s ]
ERR: 无法加载控制器:Lib

[ 2021-12-12T00:38:43+08:00 ] 127.0.0.1 /Drug/drugList
INFO: [ app_init ] --START--
INFO: Run Behavior\BuildLiteBehavior [ RunTime:0.000007s ]
INFO: [ app_init ] --END-- [ RunTime:0.000208s ]
INFO: [ app_begin ] --START--
INFO: Run Behavior\ReadHtmlCacheBehavior [ RunTime:0.000249s ]
INFO: [ app_begin ] --END-- [ RunTime:0.000275s ]
INFO: [ view_parse ] --START--
INFO: [ template_filter ] --START--
INFO: Run Behavior\ContentReplaceBehavior [ RunTime:0.000041s ]
INFO: [ template_filter ] --END-- [ RunTime:0.000071s ]
INFO: Run Behavior\ParseTemplateBehavior [ RunTime:0.004255s ]
INFO: [ view_parse ] --END-- [ RunTime:0.004287s ]
INFO: [ view_filter ] --START--
INFO: Run Behavior\WriteHtmlCacheBehavior [ RunTime:0.000164s ]
INFO: [ view_filter ] --END-- [ RunTime:0.000183s ]
INFO: [ app_end ] --START--
INFO: Run Behavior\ShowPageTraceBehavior [ RunTime:0.000259s ]
INFO: [ app_end ] --END-- [ RunTime:0.000279s ]

[ 2021-12-12T00:38:43+08:00 ] 127.0.0.1 /Drug/drugList?page=1&limit=20
INFO: [ app_init ] --START--
INFO: Run Behavior\BuildLiteBehavior [ RunTime:0.000007s ]
INFO: [ app_init ] --END-- [ RunTime:0.000181s ]
INFO: [ app_begin ] --START--
INFO: Run Behavior\ReadHtmlCacheBehavior [ RunTime:0.000220s ]
INFO: [ app_begin ] --END-- [ RunTime:0.000243s ]
SQL: SHOW COLUMNS FROM `drug_his_ncc` [ RunTime:0.0197s ]
SQL: SELECT * FROM `drug_his_ncc` WHERE ( 1= 1 )  [ RunTime:0.0197s ]
SQL: SELECT drug_his_ncc.id,`drug_id`,`ins_code`,`drug_name`,`drug_chemical_name`,`drug_form_name`,`drug_specification`,`drug_producer_name`,`src_unit_name`,`abbreviate_name`,`name`,`wuliao_code`,`user_name`,`create_time` FROM `drug_his_ncc` INNER JOIN ncc_wuliao ON drug_his_ncc.wuliao_code = ncc_wuliao.code  WHERE ( 1= 1 ) LIMIT 0,20   [ RunTime:0.0196s ]
INFO: [ app_end ] --START--
INFO: Run Behavior\ShowPageTraceBehavior [ RunTime:0.000326s ]
INFO: [ app_end ] --END-- [ RunTime:0.000350s ]

[ 2021-12-12T00:38:44+08:00 ] 127.0.0.1 /Material/index
INFO: [ app_init ] --START--
INFO: Run Behavior\BuildLiteBehavior [ RunTime:0.000007s ]
INFO: [ app_init ] --END-- [ RunTime:0.000190s ]
INFO: [ app_begin ] --START--
INFO: Run Behavior\ReadHtmlCacheBehavior [ RunTime:0.000227s ]
INFO: [ app_begin ] --END-- [ RunTime:0.000253s ]
INFO: [ view_parse ] --START--
INFO: [ template_filter ] --START--
INFO: Run Behavior\ContentReplaceBehavior [ RunTime:0.000051s ]
INFO: [ template_filter ] --END-- [ RunTime:0.000075s ]
INFO: Run Behavior\ParseTemplateBehavior [ RunTime:0.018582s ]
INFO: [ view_parse ] --END-- [ RunTime:0.018621s ]
INFO: [ view_filter ] --START--
INFO: Run Behavior\WriteHtmlCacheBehavior [ RunTime:0.000148s ]
INFO: [ view_filter ] --END-- [ RunTime:0.000167s ]
INFO: [ app_end ] --START--
INFO: Run Behavior\ShowPageTraceBehavior [ RunTime:0.000230s ]
INFO: [ app_end ] --END-- [ RunTime:0.000251s ]

[ 2021-12-12T00:38:45+08:00 ] 127.0.0.1 /Material/getHisList?page=1&limit=10
INFO: [ app_init ] --START--
INFO: Run Behavior\BuildLiteBehavior [ RunTime:0.000011s ]
INFO: [ app_init ] --END-- [ RunTime:0.000268s ]
INFO: [ app_begin ] --START--
INFO: Run Behavior\ReadHtmlCacheBehavior [ RunTime:0.000337s ]
INFO: [ app_begin ] --END-- [ RunTime:0.000376s ]
SQL: SHOW COLUMNS FROM `t_material` [ RunTime:0.0209s ]
SQL: SELECT * FROM `t_material` WHERE ( is_del = 0 AND is_show = 1 AND is_dui = 1  )  [ RunTime:0.0622s ]
SQL: SHOW COLUMNS FROM `t_material` [ RunTime:0.0207s ]
SQL: SELECT `material_id`,`ins_code`,`material_name`,`material_chemical_name`,`material_form_name`,`material_specification`,tdp.material_producer_name,`src_unit_name`,`is_dui`,`abbreviate_name` FROM t_material td INNER JOIN t_material_form tdf ON td.material_form_id = tdf.material_form_id INNER JOIN t_material_producer tdp ON td.material_producer_id = tdp.material_producer_id INNER JOIN t_src_unit tsu ON td.src_unit_id = tsu.src_unit_id  WHERE ( td.is_del = 0 AND is_show = 1 and is_dui = 1  ) ORDER BY `material_id` LIMIT 1,10   [ RunTime:0.0202s ]
INFO: [ app_end ] --START--
INFO: Run Behavior\ShowPageTraceBehavior [ RunTime:0.000338s ]
INFO: [ app_end ] --END-- [ RunTime:0.000364s ]

[ 2021-12-12T00:38:45+08:00 ] 127.0.0.1 /Drug/getNccList?page=1&limit=10
INFO: [ app_init ] --START--
INFO: Run Behavior\BuildLiteBehavior [ RunTime:0.000008s ]
INFO: [ app_init ] --END-- [ RunTime:0.000210s ]
INFO: [ app_begin ] --START--
INFO: Run Behavior\ReadHtmlCacheBehavior [ RunTime:0.000314s ]
INFO: [ app_begin ] --END-- [ RunTime:0.000347s ]
SQL: SHOW COLUMNS FROM `ncc_wuliao` [ RunTime:0.0209s ]
SQL: SELECT * FROM `ncc_wuliao` WHERE ( enablestate = 2 AND dr = 0  )  [ RunTime:0.0216s ]
SQL: SELECT * FROM `ncc_wuliao` WHERE ( enablestate = 2 AND dr = 0  ) ORDER BY `id` LIMIT 0,10   [ RunTime:0.0202s ]
INFO: [ app_end ] --START--
INFO: Run Behavior\ShowPageTraceBehavior [ RunTime:0.000299s ]
INFO: [ app_end ] --END-- [ RunTime:0.000322s ]

[ 2021-12-12T00:38:45+08:00 ] 127.0.0.1 /Material/materialList
INFO: [ app_init ] --START--
INFO: Run Behavior\BuildLiteBehavior [ RunTime:0.000007s ]
INFO: [ app_init ] --END-- [ RunTime:0.000198s ]
INFO: [ app_begin ] --START--
INFO: Run Behavior\ReadHtmlCacheBehavior [ RunTime:0.000268s ]
INFO: [ app_begin ] --END-- [ RunTime:0.000294s ]
INFO: [ view_parse ] --START--
INFO: [ template_filter ] --START--
INFO: Run Behavior\ContentReplaceBehavior [ RunTime:0.000041s ]
INFO: [ template_filter ] --END-- [ RunTime:0.000074s ]
INFO: Run Behavior\ParseTemplateBehavior [ RunTime:0.004118s ]
INFO: [ view_parse ] --END-- [ RunTime:0.004165s ]
INFO: [ view_filter ] --START--
INFO: Run Behavior\WriteHtmlCacheBehavior [ RunTime:0.000133s ]
INFO: [ view_filter ] --END-- [ RunTime:0.000152s ]
INFO: [ app_end ] --START--
INFO: Run Behavior\ShowPageTraceBehavior [ RunTime:0.000231s ]
INFO: [ app_end ] --END-- [ RunTime:0.000253s ]

[ 2021-12-12T00:38:45+08:00 ] 127.0.0.1 /Material/materialList?page=1&limit=20
INFO: [ app_init ] --START--
INFO: Run Behavior\BuildLiteBehavior [ RunTime:0.000008s ]
INFO: [ app_init ] --END-- [ RunTime:0.000192s ]
INFO: [ app_begin ] --START--
INFO: Run Behavior\ReadHtmlCacheBehavior [ RunTime:0.000415s ]
INFO: [ app_begin ] --END-- [ RunTime:0.000463s ]
SQL: SHOW COLUMNS FROM `material_his_ncc` [ RunTime:0.0258s ]
SQL: SELECT * FROM `material_his_ncc` WHERE ( 1= 1 )  [ RunTime:0.0252s ]
SQL: SELECT material_his_ncc.id,`material_id`,`ins_code`,`material_name`,`material_chemical_name`,`material_form_name`,`material_specification`,`material_producer_name`,`src_unit_name`,`abbreviate_name`,`name`,`wuliao_code`,`user_name`,`create_time` FROM `material_his_ncc` INNER JOIN ncc_wuliao ON material_his_ncc.wuliao_code = ncc_wuliao.code  WHERE ( 1= 1 ) LIMIT 0,20   [ RunTime:0.0251s ]
INFO: [ app_end ] --START--
INFO: Run Behavior\ShowPageTraceBehavior [ RunTime:0.000333s ]
INFO: [ app_end ] --END-- [ RunTime:0.000357s ]

[ 2021-12-12T00:38:45+08:00 ] 127.0.0.1 /Index/notFound
INFO: [ app_init ] --START--
INFO: Run Behavior\BuildLiteBehavior [ RunTime:0.000007s ]
INFO: [ app_init ] --END-- [ RunTime:0.000178s ]
INFO: [ app_begin ] --START--
INFO: Run Behavior\ReadHtmlCacheBehavior [ RunTime:0.000218s ]
INFO: [ app_begin ] --END-- [ RunTime:0.000242s ]
INFO: [ view_parse ] --START--
INFO: [ template_filter ] --START--
INFO: Run Behavior\ContentReplaceBehavior [ RunTime:0.000031s ]
INFO: [ template_filter ] --END-- [ RunTime:0.000053s ]
INFO: Run Behavior\ParseTemplateBehavior [ RunTime:0.004237s ]
INFO: [ view_parse ] --END-- [ RunTime:0.004276s ]
INFO: [ view_filter ] --START--
INFO: Run Behavior\WriteHtmlCacheBehavior [ RunTime:0.000153s ]
INFO: [ view_filter ] --END-- [ RunTime:0.000170s ]
INFO: [ app_end ] --START--
INFO: Run Behavior\ShowPageTraceBehavior [ RunTime:0.000238s ]
INFO: [ app_end ] --END-- [ RunTime:0.000259s ]

[ 2021-12-12T00:38:45+08:00 ] 127.0.0.1 /lib/layui-v2.6.3/layui.js
INFO: [ app_init ] --START--
INFO: Run Behavior\BuildLiteBehavior [ RunTime:0.000011s ]
INFO: [ app_init ] --END-- [ RunTime:0.000220s ]
INFO: [ app_begin ] --START--
INFO: Run Behavior\ReadHtmlCacheBehavior [ RunTime:0.000316s ]
INFO: [ app_begin ] --END-- [ RunTime:0.000356s ]
ERR: 无法加载控制器:Lib

[ 2021-12-12T00:38:52+08:00 ] 127.0.0.1 /Index/notFound
INFO: [ app_init ] --START--
INFO: Run Behavior\BuildLiteBehavior [ RunTime:0.000009s ]
INFO: [ app_init ] --END-- [ RunTime:0.000258s ]
INFO: [ app_begin ] --START--
INFO: Run Behavior\ReadHtmlCacheBehavior [ RunTime:0.000303s ]
INFO: [ app_begin ] --END-- [ RunTime:0.000339s ]
INFO: [ view_parse ] --START--
INFO: [ template_filter ] --START--
INFO: Run Behavior\ContentReplaceBehavior [ RunTime:0.000039s ]
INFO: [ template_filter ] --END-- [ RunTime:0.000073s ]
INFO: Run Behavior\ParseTemplateBehavior [ RunTime:0.004953s ]
INFO: [ view_parse ] --END-- [ RunTime:0.004994s ]
INFO: [ view_filter ] --START--
INFO: Run Behavior\WriteHtmlCacheBehavior [ RunTime:0.000180s ]
INFO: [ view_filter ] --END-- [ RunTime:0.000200s ]
INFO: [ app_end ] --START--
INFO: Run Behavior\ShowPageTraceBehavior [ RunTime:0.000236s ]
INFO: [ app_end ] --END-- [ RunTime:0.000257s ]

[ 2021-12-12T00:38:52+08:00 ] 127.0.0.1 /lib/layui-v2.6.3/layui.js
INFO: [ app_init ] --START--
INFO: Run Behavior\BuildLiteBehavior [ RunTime:0.000010s ]
INFO: [ app_init ] --END-- [ RunTime:0.000287s ]
INFO: [ app_begin ] --START--
INFO: Run Behavior\ReadHtmlCacheBehavior [ RunTime:0.000237s ]
INFO: [ app_begin ] --END-- [ RunTime:0.000264s ]
ERR: 无法加载控制器:Lib

[ 2021-12-12T16:03:26+08:00 ] 127.0.0.1 /
INFO: [ app_init ] --START--
INFO: Run Behavior\BuildLiteBehavior [ RunTime:0.000011s ]
INFO: [ app_init ] --END-- [ RunTime:0.008599s ]
INFO: [ app_begin ] --START--
INFO: Run Behavior\ReadHtmlCacheBehavior [ RunTime:0.000341s ]
INFO: [ app_begin ] --END-- [ RunTime:0.000370s ]
NOTIC: [8] Undefined index: username D:\phpstudy_pro\WWW\thinkphp32-master\Application\Admin\Common\BaseController.class.php 第 18 行.

[ 2021-12-12T16:03:50+08:00 ] 127.0.0.1 /Login/login
INFO: [ app_init ] --START--
INFO: Run Behavior\BuildLiteBehavior [ RunTime:0.000007s ]
INFO: [ app_init ] --END-- [ RunTime:0.000284s ]
INFO: [ app_begin ] --START--
INFO: Run Behavior\ReadHtmlCacheBehavior [ RunTime:0.000320s ]
INFO: [ app_begin ] --END-- [ RunTime:0.000346s ]
INFO: [ view_parse ] --START--
INFO: [ template_filter ] --START--
INFO: Run Behavior\ContentReplaceBehavior [ RunTime:0.001270s ]
INFO: [ template_filter ] --END-- [ RunTime:0.001309s ]
INFO: Run Behavior\ParseTemplateBehavior [ RunTime:0.026489s ]
INFO: [ view_parse ] --END-- [ RunTime:0.026536s ]
INFO: [ view_filter ] --START--
INFO: Run Behavior\WriteHtmlCacheBehavior [ RunTime:0.000196s ]
INFO: [ view_filter ] --END-- [ RunTime:0.000213s ]
INFO: [ app_end ] --START--
INFO: Run Behavior\ShowPageTraceBehavior [ RunTime:0.000304s ]
INFO: [ app_end ] --END-- [ RunTime:0.000326s ]

[ 2021-12-12T16:03:52+08:00 ] 127.0.0.1 /Login/checkLogin
INFO: [ app_init ] --START--
INFO: Run Behavior\BuildLiteBehavior [ RunTime:0.000009s ]
INFO: [ app_init ] --END-- [ RunTime:0.000205s ]
INFO: [ app_begin ] --START--
INFO: Run Behavior\ReadHtmlCacheBehavior [ RunTime:0.000351s ]
INFO: [ app_begin ] --END-- [ RunTime:0.000394s ]
SQL: SHOW COLUMNS FROM `t_user` [ RunTime:0.0190s ]
SQL: SELECT * FROM `t_user` WHERE ( login_name = 'ncc_user' AND login_pwd = 'e10adc3949ba59abbe56e057f20f883e' ) LIMIT 1   [ RunTime:0.0193s ]
INFO: [ app_end ] --START--
INFO: Run Behavior\ShowPageTraceBehavior [ RunTime:0.000474s ]
INFO: [ app_end ] --END-- [ RunTime:0.000519s ]

[ 2021-12-12T16:03:53+08:00 ] 127.0.0.1 /Index/index
INFO: [ app_init ] --START--
INFO: Run Behavior\BuildLiteBehavior [ RunTime:0.000006s ]
INFO: [ app_init ] --END-- [ RunTime:0.000178s ]
INFO: [ app_begin ] --START--
INFO: Run Behavior\ReadHtmlCacheBehavior [ RunTime:0.000229s ]
INFO: [ app_begin ] --END-- [ RunTime:0.000257s ]
INFO: [ view_parse ] --START--
INFO: [ template_filter ] --START--
INFO: Run Behavior\ContentReplaceBehavior [ RunTime:0.000043s ]
INFO: [ template_filter ] --END-- [ RunTime:0.000071s ]
INFO: Run Behavior\ParseTemplateBehavior [ RunTime:0.015040s ]
INFO: [ view_parse ] --END-- [ RunTime:0.015082s ]
INFO: [ view_filter ] --START--
INFO: Run Behavior\WriteHtmlCacheBehavior [ RunTime:0.000154s ]
INFO: [ view_filter ] --END-- [ RunTime:0.000173s ]
INFO: [ app_end ] --START--
INFO: Run Behavior\ShowPageTraceBehavior [ RunTime:0.000233s ]
INFO: [ app_end ] --END-- [ RunTime:0.000255s ]

[ 2021-12-12T16:03:53+08:00 ] 127.0.0.1 /Drug/index
INFO: [ app_init ] --START--
INFO: Run Behavior\BuildLiteBehavior [ RunTime:0.000006s ]
INFO: [ app_init ] --END-- [ RunTime:0.000189s ]
INFO: [ app_begin ] --START--
INFO: Run Behavior\ReadHtmlCacheBehavior [ RunTime:0.000233s ]
INFO: [ app_begin ] --END-- [ RunTime:0.000259s ]
INFO: [ view_parse ] --START--
INFO: [ template_filter ] --START--
INFO: Run Behavior\ContentReplaceBehavior [ RunTime:0.000056s ]
INFO: [ template_filter ] --END-- [ RunTime:0.000088s ]
INFO: Run Behavior\ParseTemplateBehavior [ RunTime:0.015909s ]
INFO: [ view_parse ] --END-- [ RunTime:0.015947s ]
INFO: [ view_filter ] --START--
INFO: Run Behavior\WriteHtmlCacheBehavior [ RunTime:0.000145s ]
INFO: [ view_filter ] --END-- [ RunTime:0.000164s ]
INFO: [ app_end ] --START--
INFO: Run Behavior\ShowPageTraceBehavior [ RunTime:0.000228s ]
INFO: [ app_end ] --END-- [ RunTime:0.000247s ]

[ 2021-12-12T16:03:53+08:00 ] 127.0.0.1 /Drug/getHisList?page=1&limit=10
INFO: [ app_init ] --START--
INFO: Run Behavior\BuildLiteBehavior [ RunTime:0.000010s ]
INFO: [ app_init ] --END-- [ RunTime:0.000281s ]
INFO: [ app_begin ] --START--
INFO: Run Behavior\ReadHtmlCacheBehavior [ RunTime:0.000286s ]
INFO: [ app_begin ] --END-- [ RunTime:0.000327s ]
SQL: SHOW COLUMNS FROM `t_drug` [ RunTime:0.0200s ]
SQL: SELECT * FROM `t_drug` WHERE ( is_del = 0 AND is_show = 1 AND is_dui = 1  )  [ RunTime:0.0975s ]
SQL: SHOW COLUMNS FROM `t_drug` [ RunTime:0.0190s ]
SQL: SELECT `drug_id`,`ins_code`,`drug_name`,`drug_chemical_name`,`drug_form_name`,`drug_specification`,tdp.drug_producer_name,`src_unit_name`,`is_dui`,`abbreviate_name` FROM t_drug td INNER JOIN t_drug_form tdf ON td.drug_form_id = tdf.drug_form_id INNER JOIN t_drug_producer tdp ON td.drug_producer_id = tdp.drug_producer_id INNER JOIN t_src_unit tsu ON td.src_unit_id = tsu.src_unit_id  WHERE ( td.is_del = 0 AND is_show = 1 and is_dui = 1  ) ORDER BY `drug_id` LIMIT 1,10   [ RunTime:0.0192s ]
INFO: [ app_end ] --START--
INFO: Run Behavior\ShowPageTraceBehavior [ RunTime:0.000343s ]
INFO: [ app_end ] --END-- [ RunTime:0.000369s ]

[ 2021-12-12T16:03:54+08:00 ] 127.0.0.1 /Drug/getNccList?page=1&limit=10
INFO: [ app_init ] --START--
INFO: Run Behavior\BuildLiteBehavior [ RunTime:0.000006s ]
INFO: [ app_init ] --END-- [ RunTime:0.000171s ]
INFO: [ app_begin ] --START--
INFO: Run Behavior\ReadHtmlCacheBehavior [ RunTime:0.000209s ]
INFO: [ app_begin ] --END-- [ RunTime:0.000230s ]
SQL: SHOW COLUMNS FROM `ncc_wuliao` [ RunTime:0.0249s ]
SQL: SELECT * FROM `ncc_wuliao` WHERE ( enablestate = 2 AND dr = 0  )  [ RunTime:0.0260s ]
SQL: SELECT * FROM `ncc_wuliao` WHERE ( enablestate = 2 AND dr = 0  ) ORDER BY `id` LIMIT 0,10   [ RunTime:0.0236s ]
INFO: [ app_end ] --START--
INFO: Run Behavior\ShowPageTraceBehavior [ RunTime:0.000331s ]
INFO: [ app_end ] --END-- [ RunTime:0.000357s ]

[ 2021-12-12T16:04:08+08:00 ] 127.0.0.1 /Api/gonghuoshang/index
INFO: [ app_init ] --START--
INFO: Run Behavior\BuildLiteBehavior [ RunTime:0.000006s ]
INFO: [ app_init ] --END-- [ RunTime:0.000180s ]
INFO: [ app_begin ] --START--
INFO: Run Behavior\ReadHtmlCacheBehavior [ RunTime:0.000226s ]
INFO: [ app_begin ] --END-- [ RunTime:0.000254s ]
ERR: 无法加载控制器:Api

[ 2021-12-12T16:04:33+08:00 ] 127.0.0.1 /Api/gonghuoshangApi/index
INFO: [ app_init ] --START--
INFO: Run Behavior\BuildLiteBehavior [ RunTime:0.000006s ]
INFO: [ app_init ] --END-- [ RunTime:0.000171s ]
INFO: [ app_begin ] --START--
INFO: Run Behavior\ReadHtmlCacheBehavior [ RunTime:0.000210s ]
INFO: [ app_begin ] --END-- [ RunTime:0.000233s ]
ERR: 无法加载控制器:Api

[ 2021-12-12T16:04:51+08:00 ] 127.0.0.1 /gonghuoshangApi/index
INFO: [ app_init ] --START--
INFO: Run Behavior\BuildLiteBehavior [ RunTime:0.000006s ]
INFO: [ app_init ] --END-- [ RunTime:0.000170s ]
INFO: [ app_begin ] --START--
INFO: Run Behavior\ReadHtmlCacheBehavior [ RunTime:0.000216s ]
INFO: [ app_begin ] --END-- [ RunTime:0.000238s ]
ERR: 无法加载控制器:GonghuoshangApi

[ 2021-12-12T16:05:38+08:00 ] 127.0.0.1 /Api/gonghuoshangApi/index
INFO: [ app_init ] --START--
INFO: Run Behavior\BuildLiteBehavior [ RunTime:0.000008s ]
INFO: [ app_init ] --END-- [ RunTime:0.000229s ]
INFO: [ app_begin ] --START--
INFO: Run Behavior\ReadHtmlCacheBehavior [ RunTime:0.000281s ]
INFO: [ app_begin ] --END-- [ RunTime:0.000311s ]
ERR: 无法加载控制器:Api

[ 2021-12-12T20:22:17+08:00 ] 127.0.0.1 /Index/index
INFO: [ app_init ] --START--
INFO: Run Behavior\BuildLiteBehavior [ RunTime:0.000013s ]
INFO: [ app_init ] --END-- [ RunTime:0.019952s ]
INFO: [ app_begin ] --START--
INFO: Run Behavior\ReadHtmlCacheBehavior [ RunTime:0.011688s ]
INFO: [ app_begin ] --END-- [ RunTime:0.011732s ]
NOTIC: [8] Undefined index: username D:\phpstudy_pro\WWW\thinkphp32-master\Application\Admin\Common\BaseController.class.php 第 18 行.

[ 2021-12-12T20:22:17+08:00 ] 127.0.0.1 /Login/login
INFO: [ app_init ] --START--
INFO: Run Behavior\BuildLiteBehavior [ RunTime:0.000006s ]
INFO: [ app_init ] --END-- [ RunTime:0.000166s ]
INFO: [ app_begin ] --START--
INFO: Run Behavior\ReadHtmlCacheBehavior [ RunTime:0.000203s ]
INFO: [ app_begin ] --END-- [ RunTime:0.000225s ]
INFO: [ view_parse ] --START--
INFO: [ template_filter ] --START--
INFO: Run Behavior\ContentReplaceBehavior [ RunTime:0.000884s ]
INFO: [ template_filter ] --END-- [ RunTime:0.000925s ]
INFO: Run Behavior\ParseTemplateBehavior [ RunTime:0.084350s ]
INFO: [ view_parse ] --END-- [ RunTime:0.084393s ]
INFO: [ view_filter ] --START--
INFO: Run Behavior\WriteHtmlCacheBehavior [ RunTime:0.008936s ]
INFO: [ view_filter ] --END-- [ RunTime:0.008965s ]
INFO: [ app_end ] --START--
INFO: Run Behavior\ShowPageTraceBehavior [ RunTime:0.007006s ]
INFO: [ app_end ] --END-- [ RunTime:0.007039s ]

[ 2021-12-12T20:22:18+08:00 ] 127.0.0.1 /Login/checkLogin
INFO: [ app_init ] --START--
INFO: Run Behavior\BuildLiteBehavior [ RunTime:0.000010s ]
INFO: [ app_init ] --END-- [ RunTime:0.000209s ]
INFO: [ app_begin ] --START--
INFO: Run Behavior\ReadHtmlCacheBehavior [ RunTime:0.000250s ]
INFO: [ app_begin ] --END-- [ RunTime:0.000281s ]
SQL: SHOW COLUMNS FROM `t_user` [ RunTime:0.0251s ]
SQL: SELECT * FROM `t_user` WHERE ( login_name = 'ncc_user' AND login_pwd = 'e10adc3949ba59abbe56e057f20f883e' ) LIMIT 1   [ RunTime:0.0255s ]
INFO: [ app_end ] --START--
INFO: Run Behavior\ShowPageTraceBehavior [ RunTime:0.000466s ]
INFO: [ app_end ] --END-- [ RunTime:0.000506s ]

[ 2021-12-12T20:22:20+08:00 ] 127.0.0.1 /Index/index
INFO: [ app_init ] --START--
INFO: Run Behavior\BuildLiteBehavior [ RunTime:0.000007s ]
INFO: [ app_init ] --END-- [ RunTime:0.000174s ]
INFO: [ app_begin ] --START--
INFO: Run Behavior\ReadHtmlCacheBehavior [ RunTime:0.000214s ]
INFO: [ app_begin ] --END-- [ RunTime:0.000239s ]
INFO: [ view_parse ] --START--
INFO: [ template_filter ] --START--
INFO: Run Behavior\ContentReplaceBehavior [ RunTime:0.000050s ]
INFO: [ template_filter ] --END-- [ RunTime:0.000090s ]
INFO: Run Behavior\ParseTemplateBehavior [ RunTime:0.045663s ]
INFO: [ view_parse ] --END-- [ RunTime:0.045706s ]
INFO: [ view_filter ] --START--
INFO: Run Behavior\WriteHtmlCacheBehavior [ RunTime:0.000139s ]
INFO: [ view_filter ] --END-- [ RunTime:0.000156s ]
INFO: [ app_end ] --START--
INFO: Run Behavior\ShowPageTraceBehavior [ RunTime:0.000231s ]
INFO: [ app_end ] --END-- [ RunTime:0.000253s ]

[ 2021-12-12T20:22:20+08:00 ] 127.0.0.1 /Drug/index
INFO: [ app_init ] --START--
INFO: Run Behavior\BuildLiteBehavior [ RunTime:0.000007s ]
INFO: [ app_init ] --END-- [ RunTime:0.000180s ]
INFO: [ app_begin ] --START--
INFO: Run Behavior\ReadHtmlCacheBehavior [ RunTime:0.000224s ]
INFO: [ app_begin ] --END-- [ RunTime:0.000249s ]
INFO: [ view_parse ] --START--
INFO: [ template_filter ] --START--
INFO: Run Behavior\ContentReplaceBehavior [ RunTime:0.000053s ]
INFO: [ template_filter ] --END-- [ RunTime:0.000083s ]
INFO: Run Behavior\ParseTemplateBehavior [ RunTime:0.028854s ]
INFO: [ view_parse ] --END-- [ RunTime:0.028908s ]
INFO: [ view_filter ] --START--
INFO: Run Behavior\WriteHtmlCacheBehavior [ RunTime:0.000155s ]
INFO: [ view_filter ] --END-- [ RunTime:0.000175s ]
INFO: [ app_end ] --START--
INFO: Run Behavior\ShowPageTraceBehavior [ RunTime:0.000230s ]
INFO: [ app_end ] --END-- [ RunTime:0.000250s ]

[ 2021-12-12T20:22:20+08:00 ] 127.0.0.1 /Drug/getHisList?page=1&limit=10
INFO: [ app_init ] --START--
INFO: Run Behavior\BuildLiteBehavior [ RunTime:0.000007s ]
INFO: [ app_init ] --END-- [ RunTime:0.000191s ]
INFO: [ app_begin ] --START--
INFO: Run Behavior\ReadHtmlCacheBehavior [ RunTime:0.000231s ]
INFO: [ app_begin ] --END-- [ RunTime:0.000256s ]
SQL: SHOW COLUMNS FROM `t_drug` [ RunTime:0.0207s ]
SQL: SELECT * FROM `t_drug` WHERE ( is_del = 0 AND is_show = 1 AND is_dui = 1  )  [ RunTime:0.0992s ]
SQL: SHOW COLUMNS FROM `t_drug` [ RunTime:0.0198s ]
SQL: SELECT `drug_id`,`ins_code`,`drug_name`,`drug_chemical_name`,`drug_form_name`,`drug_specification`,tdp.drug_producer_name,`src_unit_name`,`is_dui`,`abbreviate_name` FROM t_drug td INNER JOIN t_drug_form tdf ON td.drug_form_id = tdf.drug_form_id INNER JOIN t_drug_producer tdp ON td.drug_producer_id = tdp.drug_producer_id INNER JOIN t_src_unit tsu ON td.src_unit_id = tsu.src_unit_id  WHERE ( td.is_del = 0 AND is_show = 1 and is_dui = 1  ) ORDER BY `drug_id` LIMIT 1,10   [ RunTime:0.0199s ]
INFO: [ app_end ] --START--
INFO: Run Behavior\ShowPageTraceBehavior [ RunTime:0.000339s ]
INFO: [ app_end ] --END-- [ RunTime:0.000367s ]

[ 2021-12-12T20:22:21+08:00 ] 127.0.0.1 /Drug/getNccList?page=1&limit=10
INFO: [ app_init ] --START--
INFO: Run Behavior\BuildLiteBehavior [ RunTime:0.000006s ]
INFO: [ app_init ] --END-- [ RunTime:0.000163s ]
INFO: [ app_begin ] --START--
INFO: Run Behavior\ReadHtmlCacheBehavior [ RunTime:0.000228s ]
INFO: [ app_begin ] --END-- [ RunTime:0.000250s ]
SQL: SHOW COLUMNS FROM `ncc_wuliao` [ RunTime:0.0214s ]
SQL: SELECT * FROM `ncc_wuliao` WHERE ( enablestate = 2 AND dr = 0  )  [ RunTime:0.0209s ]
SQL: SELECT * FROM `ncc_wuliao` WHERE ( enablestate = 2 AND dr = 0  ) ORDER BY `id` LIMIT 0,10   [ RunTime:0.0197s ]
INFO: [ app_end ] --START--
INFO: Run Behavior\ShowPageTraceBehavior [ RunTime:0.000380s ]
INFO: [ app_end ] --END-- [ RunTime:0.000421s ]

[ 2021-12-12T20:23:34+08:00 ] 127.0.0.1 /Drug/drugList
INFO: [ app_init ] --START--
INFO: Run Behavior\BuildLiteBehavior [ RunTime:0.000008s ]
INFO: [ app_init ] --END-- [ RunTime:0.000239s ]
INFO: [ app_begin ] --START--
INFO: Run Behavior\ReadHtmlCacheBehavior [ RunTime:0.000248s ]
INFO: [ app_begin ] --END-- [ RunTime:0.000276s ]
INFO: [ view_parse ] --START--
INFO: [ template_filter ] --START--
INFO: Run Behavior\ContentReplaceBehavior [ RunTime:0.000035s ]
INFO: [ template_filter ] --END-- [ RunTime:0.000066s ]
INFO: Run Behavior\ParseTemplateBehavior [ RunTime:0.046327s ]
INFO: [ view_parse ] --END-- [ RunTime:0.046372s ]
INFO: [ view_filter ] --START--
INFO: Run Behavior\WriteHtmlCacheBehavior [ RunTime:0.000148s ]
INFO: [ view_filter ] --END-- [ RunTime:0.000167s ]
INFO: [ app_end ] --START--
INFO: Run Behavior\ShowPageTraceBehavior [ RunTime:0.000231s ]
INFO: [ app_end ] --END-- [ RunTime:0.000256s ]

[ 2021-12-12T20:23:34+08:00 ] 127.0.0.1 /Drug/drugList?page=1&limit=20
INFO: [ app_init ] --START--
INFO: Run Behavior\BuildLiteBehavior [ RunTime:0.000007s ]
INFO: [ app_init ] --END-- [ RunTime:0.000200s ]
INFO: [ app_begin ] --START--
INFO: Run Behavior\ReadHtmlCacheBehavior [ RunTime:0.000343s ]
INFO: [ app_begin ] --END-- [ RunTime:0.000379s ]
SQL: SHOW COLUMNS FROM `drug_his_ncc` [ RunTime:0.0249s ]
SQL: SELECT * FROM `drug_his_ncc` WHERE ( 1= 1 )  [ RunTime:0.0243s ]
SQL: SELECT drug_his_ncc.id,`drug_id`,`ins_code`,`drug_name`,`drug_chemical_name`,`drug_form_name`,`drug_specification`,`drug_producer_name`,`src_unit_name`,`abbreviate_name`,`name`,`wuliao_code`,`user_name`,`create_time` FROM `drug_his_ncc` INNER JOIN ncc_wuliao ON drug_his_ncc.wuliao_code = ncc_wuliao.code  WHERE ( 1= 1 ) LIMIT 0,20   [ RunTime:0.0249s ]
INFO: [ app_end ] --START--
INFO: Run Behavior\ShowPageTraceBehavior [ RunTime:0.000346s ]
INFO: [ app_end ] --END-- [ RunTime:0.000374s ]

[ 2021-12-12T20:28:30+08:00 ] 127.0.0.1 /Index/index
INFO: [ app_init ] --START--
INFO: Run Behavior\BuildLiteBehavior [ RunTime:0.000006s ]
INFO: [ app_init ] --END-- [ RunTime:0.000199s ]
INFO: [ app_begin ] --START--
INFO: Run Behavior\ReadHtmlCacheBehavior [ RunTime:0.000239s ]
INFO: [ app_begin ] --END-- [ RunTime:0.000265s ]
NOTIC: [8] Undefined index: username D:\phpstudy_pro\WWW\thinkphp32-master\Application\Admin\Common\BaseController.class.php 第 18 行.

[ 2021-12-12T20:28:30+08:00 ] 127.0.0.1 /Login/login
INFO: [ app_init ] --START--
INFO: Run Behavior\BuildLiteBehavior [ RunTime:0.000007s ]
INFO: [ app_init ] --END-- [ RunTime:0.000165s ]
INFO: [ app_begin ] --START--
INFO: Run Behavior\ReadHtmlCacheBehavior [ RunTime:0.000202s ]
INFO: [ app_begin ] --END-- [ RunTime:0.000224s ]
INFO: [ view_parse ] --START--
INFO: [ template_filter ] --START--
INFO: Run Behavior\ContentReplaceBehavior [ RunTime:0.000038s ]
INFO: [ template_filter ] --END-- [ RunTime:0.000071s ]
INFO: Run Behavior\ParseTemplateBehavior [ RunTime:0.003938s ]
INFO: [ view_parse ] --END-- [ RunTime:0.003980s ]
INFO: [ view_filter ] --START--
INFO: Run Behavior\WriteHtmlCacheBehavior [ RunTime:0.000170s ]
INFO: [ view_filter ] --END-- [ RunTime:0.000194s ]
INFO: [ app_end ] --START--
INFO: Run Behavior\ShowPageTraceBehavior [ RunTime:0.000258s ]
INFO: [ app_end ] --END-- [ RunTime:0.000279s ]

[ 2021-12-12T20:28:31+08:00 ] 127.0.0.1 /Login/checkLogin
INFO: [ app_init ] --START--
INFO: Run Behavior\BuildLiteBehavior [ RunTime:0.000007s ]
INFO: [ app_init ] --END-- [ RunTime:0.000163s ]
INFO: [ app_begin ] --START--
INFO: Run Behavior\ReadHtmlCacheBehavior [ RunTime:0.000200s ]
INFO: [ app_begin ] --END-- [ RunTime:0.000221s ]
SQL: SHOW COLUMNS FROM `t_user` [ RunTime:0.0243s ]
SQL: SELECT * FROM `t_user` WHERE ( login_name = 'ncc_user' AND login_pwd = 'e10adc3949ba59abbe56e057f20f883e' ) LIMIT 1   [ RunTime:0.0244s ]
INFO: [ app_end ] --START--
INFO: Run Behavior\ShowPageTraceBehavior [ RunTime:0.000304s ]
INFO: [ app_end ] --END-- [ RunTime:0.000329s ]

[ 2021-12-12T20:28:33+08:00 ] 127.0.0.1 /Index/index
INFO: [ app_init ] --START--
INFO: Run Behavior\BuildLiteBehavior [ RunTime:0.000007s ]
INFO: [ app_init ] --END-- [ RunTime:0.000191s ]
INFO: [ app_begin ] --START--
INFO: Run Behavior\ReadHtmlCacheBehavior [ RunTime:0.000294s ]
INFO: [ app_begin ] --END-- [ RunTime:0.000410s ]
INFO: [ view_parse ] --START--
INFO: [ template_filter ] --START--
INFO: Run Behavior\ContentReplaceBehavior [ RunTime:0.000042s ]
INFO: [ template_filter ] --END-- [ RunTime:0.000070s ]
INFO: Run Behavior\ParseTemplateBehavior [ RunTime:0.012899s ]
INFO: [ view_parse ] --END-- [ RunTime:0.012944s ]
INFO: [ view_filter ] --START--
INFO: Run Behavior\WriteHtmlCacheBehavior [ RunTime:0.000131s ]
INFO: [ view_filter ] --END-- [ RunTime:0.000148s ]
INFO: [ app_end ] --START--
INFO: Run Behavior\ShowPageTraceBehavior [ RunTime:0.000223s ]
INFO: [ app_end ] --END-- [ RunTime:0.000246s ]

[ 2021-12-12T20:28:33+08:00 ] 127.0.0.1 /Drug/index
INFO: [ app_init ] --START--
INFO: Run Behavior\BuildLiteBehavior [ RunTime:0.000007s ]
INFO: [ app_init ] --END-- [ RunTime:0.000172s ]
INFO: [ app_begin ] --START--
INFO: Run Behavior\ReadHtmlCacheBehavior [ RunTime:0.000209s ]
INFO: [ app_begin ] --END-- [ RunTime:0.000233s ]
INFO: [ view_parse ] --START--
INFO: [ template_filter ] --START--
INFO: Run Behavior\ContentReplaceBehavior [ RunTime:0.000051s ]
INFO: [ template_filter ] --END-- [ RunTime:0.000083s ]
INFO: Run Behavior\ParseTemplateBehavior [ RunTime:0.016383s ]
INFO: [ view_parse ] --END-- [ RunTime:0.016420s ]
INFO: [ view_filter ] --START--
INFO: Run Behavior\WriteHtmlCacheBehavior [ RunTime:0.000129s ]
INFO: [ view_filter ] --END-- [ RunTime:0.000147s ]
INFO: [ app_end ] --START--
INFO: Run Behavior\ShowPageTraceBehavior [ RunTime:0.000253s ]
INFO: [ app_end ] --END-- [ RunTime:0.000274s ]

[ 2021-12-12T20:28:33+08:00 ] 127.0.0.1 /Drug/getHisList?page=1&limit=10
INFO: [ app_init ] --START--
INFO: Run Behavior\BuildLiteBehavior [ RunTime:0.000008s ]
INFO: [ app_init ] --END-- [ RunTime:0.000194s ]
INFO: [ app_begin ] --START--
INFO: Run Behavior\ReadHtmlCacheBehavior [ RunTime:0.000237s ]
INFO: [ app_begin ] --END-- [ RunTime:0.000262s ]
SQL: SHOW COLUMNS FROM `t_drug` [ RunTime:0.0204s ]
SQL: SELECT * FROM `t_drug` WHERE ( is_del = 0 AND is_show = 1 AND is_dui = 1  )  [ RunTime:0.1020s ]
SQL: SHOW COLUMNS FROM `t_drug` [ RunTime:0.0197s ]
SQL: SELECT `drug_id`,`ins_code`,`drug_name`,`drug_chemical_name`,`drug_form_name`,`drug_specification`,tdp.drug_producer_name,`src_unit_name`,`is_dui`,`abbreviate_name` FROM t_drug td INNER JOIN t_drug_form tdf ON td.drug_form_id = tdf.drug_form_id INNER JOIN t_drug_producer tdp ON td.drug_producer_id = tdp.drug_producer_id INNER JOIN t_src_unit tsu ON td.src_unit_id = tsu.src_unit_id  WHERE ( td.is_del = 0 AND is_show = 1 and is_dui = 1  ) ORDER BY `drug_id` LIMIT 1,10   [ RunTime:0.0195s ]
INFO: [ app_end ] --START--
INFO: Run Behavior\ShowPageTraceBehavior [ RunTime:0.000377s ]
INFO: [ app_end ] --END-- [ RunTime:0.000408s ]

[ 2021-12-12T20:28:34+08:00 ] 127.0.0.1 /Drug/getNccList?page=1&limit=10
INFO: [ app_init ] --START--
INFO: Run Behavior\BuildLiteBehavior [ RunTime:0.000006s ]
INFO: [ app_init ] --END-- [ RunTime:0.000161s ]
INFO: [ app_begin ] --START--
INFO: Run Behavior\ReadHtmlCacheBehavior [ RunTime:0.000201s ]
INFO: [ app_begin ] --END-- [ RunTime:0.000222s ]
SQL: SHOW COLUMNS FROM `ncc_wuliao` [ RunTime:0.0252s ]
SQL: SELECT * FROM `ncc_wuliao` WHERE ( enablestate = 2 AND dr = 0  )  [ RunTime:0.0255s ]
SQL: SELECT * FROM `ncc_wuliao` WHERE ( enablestate = 2 AND dr = 0  ) ORDER BY `id` LIMIT 0,10   [ RunTime:0.0247s ]
INFO: [ app_end ] --START--
INFO: Run Behavior\ShowPageTraceBehavior [ RunTime:0.000306s ]
INFO: [ app_end ] --END-- [ RunTime:0.000328s ]

[ 2021-12-12T20:31:18+08:00 ] 127.0.0.1 /Index/index
INFO: [ app_init ] --START--
INFO: Run Behavior\BuildLiteBehavior [ RunTime:0.000007s ]
INFO: [ app_init ] --END-- [ RunTime:0.000202s ]
INFO: [ app_begin ] --START--
INFO: Run Behavior\ReadHtmlCacheBehavior [ RunTime:0.000236s ]
INFO: [ app_begin ] --END-- [ RunTime:0.000262s ]
NOTIC: [8] Undefined index: username D:\phpstudy_pro\WWW\thinkphp32-master\Application\Admin\Common\BaseController.class.php 第 18 行.

[ 2021-12-12T20:31:18+08:00 ] 127.0.0.1 /Login/login
INFO: [ app_init ] --START--
INFO: Run Behavior\BuildLiteBehavior [ RunTime:0.000009s ]
INFO: [ app_init ] --END-- [ RunTime:0.000247s ]
INFO: [ app_begin ] --START--
INFO: Run Behavior\ReadHtmlCacheBehavior [ RunTime:0.000311s ]
INFO: [ app_begin ] --END-- [ RunTime:0.000345s ]
INFO: [ view_parse ] --START--
INFO: [ template_filter ] --START--
INFO: Run Behavior\ContentReplaceBehavior [ RunTime:0.000033s ]
INFO: [ template_filter ] --END-- [ RunTime:0.000058s ]
INFO: Run Behavior\ParseTemplateBehavior [ RunTime:0.003076s ]
INFO: [ view_parse ] --END-- [ RunTime:0.003110s ]
INFO: [ view_filter ] --START--
INFO: Run Behavior\WriteHtmlCacheBehavior [ RunTime:0.000146s ]
INFO: [ view_filter ] --END-- [ RunTime:0.000163s ]
INFO: [ app_end ] --START--
INFO: Run Behavior\ShowPageTraceBehavior [ RunTime:0.000246s ]
INFO: [ app_end ] --END-- [ RunTime:0.000267s ]

[ 2021-12-12T20:31:19+08:00 ] 127.0.0.1 /Login/checkLogin
INFO: [ app_init ] --START--
INFO: Run Behavior\BuildLiteBehavior [ RunTime:0.000010s ]
INFO: [ app_init ] --END-- [ RunTime:0.000246s ]
INFO: [ app_begin ] --START--
INFO: Run Behavior\ReadHtmlCacheBehavior [ RunTime:0.000296s ]
INFO: [ app_begin ] --END-- [ RunTime:0.000327s ]
SQL: SHOW COLUMNS FROM `t_user` [ RunTime:0.0248s ]
SQL: SELECT * FROM `t_user` WHERE ( login_name = 'ncc_user' AND login_pwd = 'e10adc3949ba59abbe56e057f20f883e' ) LIMIT 1   [ RunTime:0.0248s ]
INFO: [ app_end ] --START--
INFO: Run Behavior\ShowPageTraceBehavior [ RunTime:0.000314s ]
INFO: [ app_end ] --END-- [ RunTime:0.000338s ]

[ 2021-12-12T20:31:20+08:00 ] 127.0.0.1 /Index/index
INFO: [ app_init ] --START--
INFO: Run Behavior\BuildLiteBehavior [ RunTime:0.000007s ]
INFO: [ app_init ] --END-- [ RunTime:0.000178s ]
INFO: [ app_begin ] --START--
INFO: Run Behavior\ReadHtmlCacheBehavior [ RunTime:0.000221s ]
INFO: [ app_begin ] --END-- [ RunTime:0.000246s ]
INFO: [ view_parse ] --START--
INFO: [ template_filter ] --START--
INFO: Run Behavior\ContentReplaceBehavior [ RunTime:0.000042s ]
INFO: [ template_filter ] --END-- [ RunTime:0.000064s ]
INFO: Run Behavior\ParseTemplateBehavior [ RunTime:0.013717s ]
INFO: [ view_parse ] --END-- [ RunTime:0.013753s ]
INFO: [ view_filter ] --START--
INFO: Run Behavior\WriteHtmlCacheBehavior [ RunTime:0.000139s ]
INFO: [ view_filter ] --END-- [ RunTime:0.000156s ]
INFO: [ app_end ] --START--
INFO: Run Behavior\ShowPageTraceBehavior [ RunTime:0.000223s ]
INFO: [ app_end ] --END-- [ RunTime:0.000244s ]

[ 2021-12-12T20:31:20+08:00 ] 127.0.0.1 /Drug/index
INFO: [ app_init ] --START--
INFO: Run Behavior\BuildLiteBehavior [ RunTime:0.000007s ]
INFO: [ app_init ] --END-- [ RunTime:0.000177s ]
INFO: [ app_begin ] --START--
INFO: Run Behavior\ReadHtmlCacheBehavior [ RunTime:0.000214s ]
INFO: [ app_begin ] --END-- [ RunTime:0.000239s ]
INFO: [ view_parse ] --START--
INFO: [ template_filter ] --START--
INFO: Run Behavior\ContentReplaceBehavior [ RunTime:0.000054s ]
INFO: [ template_filter ] --END-- [ RunTime:0.000088s ]
INFO: Run Behavior\ParseTemplateBehavior [ RunTime:0.013868s ]
INFO: [ view_parse ] --END-- [ RunTime:0.013906s ]
INFO: [ view_filter ] --START--
INFO: Run Behavior\WriteHtmlCacheBehavior [ RunTime:0.000137s ]
INFO: [ view_filter ] --END-- [ RunTime:0.000155s ]
INFO: [ app_end ] --START--
INFO: Run Behavior\ShowPageTraceBehavior [ RunTime:0.000223s ]
INFO: [ app_end ] --END-- [ RunTime:0.000241s ]

[ 2021-12-12T20:31:20+08:00 ] 127.0.0.1 /Drug/getHisList?page=1&limit=10
INFO: [ app_init ] --START--
INFO: Run Behavior\BuildLiteBehavior [ RunTime:0.000007s ]
INFO: [ app_init ] --END-- [ RunTime:0.000182s ]
INFO: [ app_begin ] --START--
INFO: Run Behavior\ReadHtmlCacheBehavior [ RunTime:0.000222s ]
INFO: [ app_begin ] --END-- [ RunTime:0.000245s ]
SQL: SHOW COLUMNS FROM `t_drug` [ RunTime:0.0207s ]
SQL: SELECT * FROM `t_drug` WHERE ( is_del = 0 AND is_show = 1 AND is_dui = 1  )  [ RunTime:0.1038s ]
SQL: SHOW COLUMNS FROM `t_drug` [ RunTime:0.0202s ]
SQL: SELECT `drug_id`,`ins_code`,`drug_name`,`drug_chemical_name`,`drug_form_name`,`drug_specification`,tdp.drug_producer_name,`src_unit_name`,`is_dui`,`abbreviate_name` FROM t_drug td INNER JOIN t_drug_form tdf ON td.drug_form_id = tdf.drug_form_id INNER JOIN t_drug_producer tdp ON td.drug_producer_id = tdp.drug_producer_id INNER JOIN t_src_unit tsu ON td.src_unit_id = tsu.src_unit_id  WHERE ( td.is_del = 0 AND is_show = 1 and is_dui = 1  ) ORDER BY `drug_id` LIMIT 1,10   [ RunTime:0.0203s ]
INFO: [ app_end ] --START--
INFO: Run Behavior\ShowPageTraceBehavior [ RunTime:0.000319s ]
INFO: [ app_end ] --END-- [ RunTime:0.000344s ]

[ 2021-12-12T20:31:21+08:00 ] 127.0.0.1 /Drug/getNccList?page=1&limit=10
INFO: [ app_init ] --START--
INFO: Run Behavior\BuildLiteBehavior [ RunTime:0.000006s ]
INFO: [ app_init ] --END-- [ RunTime:0.000160s ]
INFO: [ app_begin ] --START--
INFO: Run Behavior\ReadHtmlCacheBehavior [ RunTime:0.000201s ]
INFO: [ app_begin ] --END-- [ RunTime:0.000222s ]
SQL: SHOW COLUMNS FROM `ncc_wuliao` [ RunTime:0.0244s ]
SQL: SELECT * FROM `ncc_wuliao` WHERE ( enablestate = 2 AND dr = 0  )  [ RunTime:0.0249s ]
SQL: SELECT * FROM `ncc_wuliao` WHERE ( enablestate = 2 AND dr = 0  ) ORDER BY `id` LIMIT 0,10   [ RunTime:0.0235s ]
INFO: [ app_end ] --START--
INFO: Run Behavior\ShowPageTraceBehavior [ RunTime:0.000301s ]
INFO: [ app_end ] --END-- [ RunTime:0.000323s ]

